<?xml version="1.0" encoding="UTF-8"?>
<robot generator="Robot 5.0.1 (Python 3.10.5 on win32)" generated="20220620 14:24:24.766" rpa="false" schemaversion="3">
<suite id="s1" name="OrangeHRM" source="D:\Nam\Test\RobotFramework\OrangeHRM">
<suite id="s1-s1" name="TestCases" source="D:\Nam\Test\RobotFramework\OrangeHRM\TestCases">
<suite id="s1-s1-s1" name="Login" source="D:\Nam\Test\RobotFramework\OrangeHRM\TestCases\Login">
<kw name="Open My Browser" library="CommonKeywords" type="SETUP">
<arg>${url}</arg>
<arg>${browser}</arg>
<kw name="Open Browser" library="SeleniumLibrary">
<arg>${url}</arg>
<arg>${browser}</arg>
<doc>Opens a new browser instance to the optional ``url``.</doc>
<msg timestamp="20220620 14:24:25.104" level="INFO">Opening browser 'chrome' to base url 'https://opensource-demo.orangehrmlive.com/'.</msg>
<status status="PASS" starttime="20220620 14:24:25.104" endtime="20220620 14:24:33.556"/>
</kw>
<kw name="Maximize Browser Window" library="SeleniumLibrary">
<doc>Maximizes current browser window.</doc>
<status status="PASS" starttime="20220620 14:24:33.556" endtime="20220620 14:24:33.682"/>
</kw>
<kw name="Set Browser Implicit Wait" library="SeleniumLibrary">
<arg>15</arg>
<doc>Sets the implicit wait value used by Selenium.</doc>
<status status="PASS" starttime="20220620 14:24:33.682" endtime="20220620 14:24:33.683"/>
</kw>
<status status="PASS" starttime="20220620 14:24:25.104" endtime="20220620 14:24:33.683"/>
</kw>
<suite id="s1-s1-s1-s1" name="VerifyItems" source="D:\Nam\Test\RobotFramework\OrangeHRM\TestCases\Login\1__VerifyItems.robot">
<test id="s1-s1-s1-s1-t1" name="HO-21: Verify that all items in login page display correctly" line="6">
<kw name="Go To Login Page" library="LoginPageKeywords">
<kw name="Go To" library="SeleniumLibrary">
<arg>https://opensource-demo.orangehrmlive.com/</arg>
<doc>Navigates the current browser window to the provided ``url``.</doc>
<msg timestamp="20220620 14:24:33.715" level="INFO">Opening url 'https://opensource-demo.orangehrmlive.com/'</msg>
<status status="PASS" starttime="20220620 14:24:33.715" endtime="20220620 14:24:34.316"/>
</kw>
<kw name="Title Should Be" library="SeleniumLibrary">
<arg>OrangeHRM</arg>
<doc>Verifies that the current page title equals ``title``.</doc>
<msg timestamp="20220620 14:24:34.325" level="INFO">Page title is 'OrangeHRM'.</msg>
<status status="PASS" starttime="20220620 14:24:34.316" endtime="20220620 14:24:34.325"/>
</kw>
<status status="PASS" starttime="20220620 14:24:33.715" endtime="20220620 14:24:34.325"/>
</kw>
<kw name="Verify All Items Should Be Visible" library="LoginPageKeywords">
<kw name="Element Should Be Visible" library="SeleniumLibrary">
<arg>${logo_orangeHRM}</arg>
<doc>Verifies that the element identified by ``locator`` is visible.</doc>
<msg timestamp="20220620 14:24:34.357" level="INFO">Element 'xpath://div[@id='divLogo']//img' is displayed.</msg>
<status status="PASS" starttime="20220620 14:24:34.326" endtime="20220620 14:24:34.357"/>
</kw>
<kw name="Element Should Be Visible" library="SeleniumLibrary">
<arg>${txt_account}</arg>
<doc>Verifies that the element identified by ``locator`` is visible.</doc>
<msg timestamp="20220620 14:24:34.380" level="INFO">Element 'xpath://span[contains(text(),'( Username : Admin | Password : admin123 )')]' is displayed.</msg>
<status status="PASS" starttime="20220620 14:24:34.357" endtime="20220620 14:24:34.380"/>
</kw>
<kw name="Get Text" library="SeleniumLibrary">
<var>${text_account}</var>
<arg>${txt_account}</arg>
<doc>Returns the text value of the element identified by ``locator``.</doc>
<msg timestamp="20220620 14:24:34.400" level="INFO">${text_account} = ( Username : Admin | Password : admin123 )</msg>
<status status="PASS" starttime="20220620 14:24:34.380" endtime="20220620 14:24:34.400"/>
</kw>
<kw name="Should Be Equal" library="BuiltIn">
<arg>${text_account}</arg>
<arg>( Username : Admin | Password : admin123 )</arg>
<doc>Fails if the given objects are unequal.</doc>
<status status="PASS" starttime="20220620 14:24:34.400" endtime="20220620 14:24:34.401"/>
</kw>
<kw name="Get CSS Value" library="CommonKeywords">
<var>${attribute_account}</var>
<arg>${txt_account}</arg>
<arg>color</arg>
<kw name="Get WebElement" library="SeleniumLibrary">
<var>${css}</var>
<arg>${locator}</arg>
<doc>Returns the first WebElement matching the given ``locator``.</doc>
<msg timestamp="20220620 14:24:34.408" level="INFO">${css} = &lt;selenium.webdriver.remote.webelement.WebElement (session="cf24426ad35d5f8fe4e775f0315c7a58", element="0ebc348c-3fb4-4ca3-89b0-b7ed45554e75")&gt;</msg>
<status status="PASS" starttime="20220620 14:24:34.401" endtime="20220620 14:24:34.408"/>
</kw>
<kw name="Call Method" library="BuiltIn">
<var>${css_value}</var>
<arg>${css}</arg>
<arg>value_of_css_property</arg>
<arg>${css_property}</arg>
<doc>Calls the named method of the given object with the provided arguments.</doc>
<msg timestamp="20220620 14:24:34.418" level="INFO">${css_value} = rgba(255, 0, 0, 1)</msg>
<status status="PASS" starttime="20220620 14:24:34.408" endtime="20220620 14:24:34.418"/>
</kw>
<msg timestamp="20220620 14:24:34.418" level="INFO">${attribute_account} = rgba(255, 0, 0, 1)</msg>
<status status="PASS" starttime="20220620 14:24:34.401" endtime="20220620 14:24:34.418"/>
</kw>
<kw name="Transform RGBA To HEX" library="MyLibrary">
<var>${color_hex}</var>
<arg>${attribute_account}</arg>
<msg timestamp="20220620 14:24:34.418" level="INFO">${color_hex} = #ff0000</msg>
<status status="PASS" starttime="20220620 14:24:34.418" endtime="20220620 14:24:34.418"/>
</kw>
<kw name="Should Be Equal" library="BuiltIn">
<arg>${color_hex}</arg>
<arg>\#ff0000</arg>
<doc>Fails if the given objects are unequal.</doc>
<status status="PASS" starttime="20220620 14:24:34.419" endtime="20220620 14:24:34.419"/>
</kw>
<kw name="Element Should Be Visible" library="SeleniumLibrary">
<arg>${logo_hrForAll_1}</arg>
<doc>Verifies that the element identified by ``locator`` is visible.</doc>
<msg timestamp="20220620 14:24:34.441" level="INFO">Element 'xpath://*[name()='circle' and contains(@fill,'url(#g)')]' is displayed.</msg>
<status status="PASS" starttime="20220620 14:24:34.419" endtime="20220620 14:24:34.441"/>
</kw>
<kw name="Element Should Be Visible" library="SeleniumLibrary">
<arg>${logo_hrForAll_2}</arg>
<doc>Verifies that the element identified by ``locator`` is visible.</doc>
<msg timestamp="20220620 14:24:34.462" level="INFO">Element 'xpath://*[name()='image' and contains(@overflow,'visible')]' is displayed.</msg>
<status status="PASS" starttime="20220620 14:24:34.441" endtime="20220620 14:24:34.462"/>
</kw>
<kw name="Element Should Be Visible" library="SeleniumLibrary">
<arg>${logo_hrForAll_3}</arg>
<doc>Verifies that the element identified by ``locator`` is visible.</doc>
<msg timestamp="20220620 14:24:34.481" level="INFO">Element 'xpath://*[name()='circle' and contains(@fill,'url(#f)')]' is displayed.</msg>
<status status="PASS" starttime="20220620 14:24:34.462" endtime="20220620 14:24:34.481"/>
</kw>
<kw name="Element Should Be Visible" library="SeleniumLibrary">
<arg>${txt_loginPanel}</arg>
<doc>Verifies that the element identified by ``locator`` is visible.</doc>
<msg timestamp="20220620 14:24:34.500" level="INFO">Element 'id:logInPanelHeading' is displayed.</msg>
<status status="PASS" starttime="20220620 14:24:34.481" endtime="20220620 14:24:34.500"/>
</kw>
<kw name="Get Text" library="SeleniumLibrary">
<var>${text_loginPanel}</var>
<arg>${txt_loginPanel}</arg>
<doc>Returns the text value of the element identified by ``locator``.</doc>
<msg timestamp="20220620 14:24:34.518" level="INFO">${text_loginPanel} = LOGIN Panel</msg>
<status status="PASS" starttime="20220620 14:24:34.500" endtime="20220620 14:24:34.518"/>
</kw>
<kw name="Should Be Equal" library="BuiltIn">
<arg>${text_loginPanel}</arg>
<arg>LOGIN Panel</arg>
<doc>Fails if the given objects are unequal.</doc>
<status status="PASS" starttime="20220620 14:24:34.518" endtime="20220620 14:24:34.518"/>
</kw>
<kw name="Get CSS Value" library="CommonKeywords">
<var>${attribute_loginPanel}</var>
<arg>${txt_loginPanel}</arg>
<arg>color</arg>
<kw name="Get WebElement" library="SeleniumLibrary">
<var>${css}</var>
<arg>${locator}</arg>
<doc>Returns the first WebElement matching the given ``locator``.</doc>
<msg timestamp="20220620 14:24:34.527" level="INFO">${css} = &lt;selenium.webdriver.remote.webelement.WebElement (session="cf24426ad35d5f8fe4e775f0315c7a58", element="535351c3-3ffb-48af-8dac-4a439e39510b")&gt;</msg>
<status status="PASS" starttime="20220620 14:24:34.519" endtime="20220620 14:24:34.527"/>
</kw>
<kw name="Call Method" library="BuiltIn">
<var>${css_value}</var>
<arg>${css}</arg>
<arg>value_of_css_property</arg>
<arg>${css_property}</arg>
<doc>Calls the named method of the given object with the provided arguments.</doc>
<msg timestamp="20220620 14:24:34.535" level="INFO">${css_value} = rgba(0, 0, 0, 1)</msg>
<status status="PASS" starttime="20220620 14:24:34.527" endtime="20220620 14:24:34.535"/>
</kw>
<msg timestamp="20220620 14:24:34.535" level="INFO">${attribute_loginPanel} = rgba(0, 0, 0, 1)</msg>
<status status="PASS" starttime="20220620 14:24:34.518" endtime="20220620 14:24:34.535"/>
</kw>
<kw name="Transform RGBA To HEX" library="MyLibrary">
<var>${color_hex}</var>
<arg>${attribute_loginPanel}</arg>
<msg timestamp="20220620 14:24:34.536" level="INFO">${color_hex} = #000000</msg>
<status status="PASS" starttime="20220620 14:24:34.535" endtime="20220620 14:24:34.536"/>
</kw>
<kw name="Should Be Equal" library="BuiltIn">
<arg>${color_hex}</arg>
<arg>\#000000</arg>
<doc>Fails if the given objects are unequal.</doc>
<status status="PASS" starttime="20220620 14:24:34.536" endtime="20220620 14:24:34.536"/>
</kw>
<kw name="Element Should Be Visible" library="SeleniumLibrary">
<arg>${background_txt_loginPanel}</arg>
<doc>Verifies that the element identified by ``locator`` is visible.</doc>
<msg timestamp="20220620 14:24:34.556" level="INFO">Element 'xpath://*[name()='path' and contains(@fill,'url(#d)')]' is displayed.</msg>
<status status="PASS" starttime="20220620 14:24:34.536" endtime="20220620 14:24:34.556"/>
</kw>
<kw name="Element Should Be Visible" library="SeleniumLibrary">
<arg>${txt_username}</arg>
<doc>Verifies that the element identified by ``locator`` is visible.</doc>
<msg timestamp="20220620 14:24:34.575" level="INFO">Element 'id:txtUsername' is displayed.</msg>
<status status="PASS" starttime="20220620 14:24:34.556" endtime="20220620 14:24:34.575"/>
</kw>
<kw name="Get Text" library="SeleniumLibrary">
<var>${text_hint_username}</var>
<arg>${txt_hint_username}</arg>
<doc>Returns the text value of the element identified by ``locator``.</doc>
<msg timestamp="20220620 14:24:34.597" level="INFO">${text_hint_username} = Username</msg>
<status status="PASS" starttime="20220620 14:24:34.575" endtime="20220620 14:24:34.597"/>
</kw>
<kw name="Should Be Equal" library="BuiltIn">
<arg>${text_hint_username}</arg>
<arg>Username</arg>
<doc>Fails if the given objects are unequal.</doc>
<status status="PASS" starttime="20220620 14:24:34.597" endtime="20220620 14:24:34.597"/>
</kw>
<kw name="Element Should Be Visible" library="SeleniumLibrary">
<arg>${icon_person}</arg>
<doc>Verifies that the element identified by ``locator`` is visible.</doc>
<msg timestamp="20220620 14:24:34.618" level="INFO">Element 'xpath://*[name()='g' and contains(@fill,'gray')]' is displayed.</msg>
<status status="PASS" starttime="20220620 14:24:34.597" endtime="20220620 14:24:34.618"/>
</kw>
<kw name="Element Should Be Visible" library="SeleniumLibrary">
<arg>${txt_password}</arg>
<doc>Verifies that the element identified by ``locator`` is visible.</doc>
<msg timestamp="20220620 14:24:34.637" level="INFO">Element 'id:txtPassword' is displayed.</msg>
<status status="PASS" starttime="20220620 14:24:34.618" endtime="20220620 14:24:34.637"/>
</kw>
<kw name="Get Text" library="SeleniumLibrary">
<var>${text_hint_password}</var>
<arg>${txt_hint_password}</arg>
<doc>Returns the text value of the element identified by ``locator``.</doc>
<msg timestamp="20220620 14:24:34.659" level="INFO">${text_hint_password} = Password</msg>
<status status="PASS" starttime="20220620 14:24:34.637" endtime="20220620 14:24:34.659"/>
</kw>
<kw name="Should Be Equal" library="BuiltIn">
<arg>${text_hint_password}</arg>
<arg>Password</arg>
<doc>Fails if the given objects are unequal.</doc>
<status status="PASS" starttime="20220620 14:24:34.659" endtime="20220620 14:24:34.659"/>
</kw>
<kw name="Element Should Be Visible" library="SeleniumLibrary">
<arg>${icon_password}</arg>
<doc>Verifies that the element identified by ``locator`` is visible.</doc>
<msg timestamp="20220620 14:24:34.678" level="INFO">Element 'xpath://*[name()='path' and contains(@fill,'gray')]' is displayed.</msg>
<status status="PASS" starttime="20220620 14:24:34.659" endtime="20220620 14:24:34.678"/>
</kw>
<kw name="Element Should Be Visible" library="SeleniumLibrary">
<arg>${btn_login}</arg>
<doc>Verifies that the element identified by ``locator`` is visible.</doc>
<msg timestamp="20220620 14:24:34.696" level="INFO">Element 'id:btnLogin' is displayed.</msg>
<status status="PASS" starttime="20220620 14:24:34.678" endtime="20220620 14:24:34.696"/>
</kw>
<kw name="Get Value" library="SeleniumLibrary">
<var>${text_btn_login}</var>
<arg>${btn_login}</arg>
<doc>Returns the value attribute of the element identified by ``locator``.</doc>
<msg timestamp="20220620 14:24:34.713" level="INFO">${text_btn_login} = LOGIN</msg>
<status status="PASS" starttime="20220620 14:24:34.696" endtime="20220620 14:24:34.713"/>
</kw>
<kw name="Should Be Equal" library="BuiltIn">
<arg>${text_btn_login}</arg>
<arg>LOGIN</arg>
<doc>Fails if the given objects are unequal.</doc>
<status status="PASS" starttime="20220620 14:24:34.713" endtime="20220620 14:24:34.713"/>
</kw>
<kw name="Get CSS Value" library="CommonKeywords">
<var>${attribute_btn_login}</var>
<arg>${btn_login}</arg>
<arg>color</arg>
<kw name="Get WebElement" library="SeleniumLibrary">
<var>${css}</var>
<arg>${locator}</arg>
<doc>Returns the first WebElement matching the given ``locator``.</doc>
<msg timestamp="20220620 14:24:34.720" level="INFO">${css} = &lt;selenium.webdriver.remote.webelement.WebElement (session="cf24426ad35d5f8fe4e775f0315c7a58", element="f6075a16-07b3-4b3f-a965-8cdf57f3943b")&gt;</msg>
<status status="PASS" starttime="20220620 14:24:34.714" endtime="20220620 14:24:34.720"/>
</kw>
<kw name="Call Method" library="BuiltIn">
<var>${css_value}</var>
<arg>${css}</arg>
<arg>value_of_css_property</arg>
<arg>${css_property}</arg>
<doc>Calls the named method of the given object with the provided arguments.</doc>
<msg timestamp="20220620 14:24:34.729" level="INFO">${css_value} = rgba(255, 255, 255, 1)</msg>
<status status="PASS" starttime="20220620 14:24:34.720" endtime="20220620 14:24:34.729"/>
</kw>
<msg timestamp="20220620 14:24:34.729" level="INFO">${attribute_btn_login} = rgba(255, 255, 255, 1)</msg>
<status status="PASS" starttime="20220620 14:24:34.713" endtime="20220620 14:24:34.729"/>
</kw>
<kw name="Transform RGBA To HEX" library="MyLibrary">
<var>${color_hex}</var>
<arg>${attribute_btn_login}</arg>
<msg timestamp="20220620 14:24:34.729" level="INFO">${color_hex} = #ffffff</msg>
<status status="PASS" starttime="20220620 14:24:34.729" endtime="20220620 14:24:34.730"/>
</kw>
<kw name="Should Be Equal" library="BuiltIn">
<arg>${color_hex}</arg>
<arg>\#ffffff</arg>
<doc>Fails if the given objects are unequal.</doc>
<status status="PASS" starttime="20220620 14:24:34.730" endtime="20220620 14:24:34.730"/>
</kw>
<kw name="Element Should Be Visible" library="SeleniumLibrary">
<arg>${background_btn_login}</arg>
<doc>Verifies that the element identified by ``locator`` is visible.</doc>
<msg timestamp="20220620 14:24:34.749" level="INFO">Element 'xpath://*[name()='path' and contains(@fill,'url(#l)')]' is displayed.</msg>
<status status="PASS" starttime="20220620 14:24:34.730" endtime="20220620 14:24:34.749"/>
</kw>
<kw name="Element Should Be Visible" library="SeleniumLibrary">
<arg>${link_forgotPassword}</arg>
<doc>Verifies that the element identified by ``locator`` is visible.</doc>
<msg timestamp="20220620 14:24:34.773" level="INFO">Element 'xpath://a[contains(text(),'Forgot your password?')]' is displayed.</msg>
<status status="PASS" starttime="20220620 14:24:34.749" endtime="20220620 14:24:34.773"/>
</kw>
<kw name="Get Text" library="SeleniumLibrary">
<var>${text_forgotPassword}</var>
<arg>${link_forgotPassword}</arg>
<doc>Returns the text value of the element identified by ``locator``.</doc>
<msg timestamp="20220620 14:24:34.794" level="INFO">${text_forgotPassword} = Forgot your password?</msg>
<status status="PASS" starttime="20220620 14:24:34.774" endtime="20220620 14:24:34.794"/>
</kw>
<kw name="Should Be Equal" library="BuiltIn">
<arg>${text_forgotPassword}</arg>
<arg>Forgot your password?</arg>
<doc>Fails if the given objects are unequal.</doc>
<status status="PASS" starttime="20220620 14:24:34.794" endtime="20220620 14:24:34.794"/>
</kw>
<kw name="Get CSS Value" library="CommonKeywords">
<var>${text_decoration_link_forgotPassword}</var>
<arg>${link_forgotPassword}</arg>
<arg>text-decoration</arg>
<kw name="Get WebElement" library="SeleniumLibrary">
<var>${css}</var>
<arg>${locator}</arg>
<doc>Returns the first WebElement matching the given ``locator``.</doc>
<msg timestamp="20220620 14:24:34.802" level="INFO">${css} = &lt;selenium.webdriver.remote.webelement.WebElement (session="cf24426ad35d5f8fe4e775f0315c7a58", element="0489d5c4-3002-4a66-ace7-907fa3fa4cd7")&gt;</msg>
<status status="PASS" starttime="20220620 14:24:34.795" endtime="20220620 14:24:34.802"/>
</kw>
<kw name="Call Method" library="BuiltIn">
<var>${css_value}</var>
<arg>${css}</arg>
<arg>value_of_css_property</arg>
<arg>${css_property}</arg>
<doc>Calls the named method of the given object with the provided arguments.</doc>
<msg timestamp="20220620 14:24:34.811" level="INFO">${css_value} = underline solid rgb(93, 93, 93)</msg>
<status status="PASS" starttime="20220620 14:24:34.802" endtime="20220620 14:24:34.811"/>
</kw>
<msg timestamp="20220620 14:24:34.811" level="INFO">${text_decoration_link_forgotPassword} = underline solid rgb(93, 93, 93)</msg>
<status status="PASS" starttime="20220620 14:24:34.794" endtime="20220620 14:24:34.811"/>
</kw>
<kw name="Should Contain" library="BuiltIn">
<arg>${text_decoration_link_forgotPassword}</arg>
<arg>underline</arg>
<doc>Fails if ``container`` does not contain ``item`` one or more times.</doc>
<status status="PASS" starttime="20220620 14:24:34.811" endtime="20220620 14:24:34.812"/>
</kw>
<kw name="Element Should Be Visible" library="SeleniumLibrary">
<arg>${txt_footer}</arg>
<doc>Verifies that the element identified by ``locator`` is visible.</doc>
<msg timestamp="20220620 14:24:34.838" level="INFO">Element 'xpath://div[contains(text(),'OrangeHRM 4.10.1')]' is displayed.</msg>
<status status="PASS" starttime="20220620 14:24:34.812" endtime="20220620 14:24:34.838"/>
</kw>
<kw name="Get Text" library="SeleniumLibrary">
<var>${text_footer}</var>
<arg>${txt_footer}</arg>
<doc>Returns the text value of the element identified by ``locator``.</doc>
<msg timestamp="20220620 14:24:34.856" level="INFO">${text_footer} = OrangeHRM 4.10.1
© 2005 - 2022 OrangeHRM, Inc. All rights reserved.</msg>
<status status="PASS" starttime="20220620 14:24:34.838" endtime="20220620 14:24:34.856"/>
</kw>
<kw name="Should Be Equal" library="BuiltIn">
<arg>${text_footer}</arg>
<arg>OrangeHRM 4.10.1\n© 2005 - 2022 OrangeHRM, Inc. All rights reserved.</arg>
<doc>Fails if the given objects are unequal.</doc>
<status status="PASS" starttime="20220620 14:24:34.857" endtime="20220620 14:24:34.857"/>
</kw>
<kw name="Get CSS Value" library="CommonKeywords">
<var>${text_decoration_link_footer}</var>
<arg>${link_footer}</arg>
<arg>text-decoration</arg>
<kw name="Get WebElement" library="SeleniumLibrary">
<var>${css}</var>
<arg>${locator}</arg>
<doc>Returns the first WebElement matching the given ``locator``.</doc>
<msg timestamp="20220620 14:24:34.867" level="INFO">${css} = &lt;selenium.webdriver.remote.webelement.WebElement (session="cf24426ad35d5f8fe4e775f0315c7a58", element="8626763d-814e-4c1e-9656-d71d42c98a77")&gt;</msg>
<status status="PASS" starttime="20220620 14:24:34.857" endtime="20220620 14:24:34.867"/>
</kw>
<kw name="Call Method" library="BuiltIn">
<var>${css_value}</var>
<arg>${css}</arg>
<arg>value_of_css_property</arg>
<arg>${css_property}</arg>
<doc>Calls the named method of the given object with the provided arguments.</doc>
<msg timestamp="20220620 14:24:34.876" level="INFO">${css_value} = underline solid rgb(93, 93, 93)</msg>
<status status="PASS" starttime="20220620 14:24:34.867" endtime="20220620 14:24:34.876"/>
</kw>
<msg timestamp="20220620 14:24:34.876" level="INFO">${text_decoration_link_footer} = underline solid rgb(93, 93, 93)</msg>
<status status="PASS" starttime="20220620 14:24:34.857" endtime="20220620 14:24:34.876"/>
</kw>
<kw name="Should Contain" library="BuiltIn">
<arg>${text_decoration_link_footer}</arg>
<arg>underline</arg>
<doc>Fails if ``container`` does not contain ``item`` one or more times.</doc>
<status status="PASS" starttime="20220620 14:24:34.876" endtime="20220620 14:24:34.877"/>
</kw>
<kw name="Element Should Be Visible" library="SeleniumLibrary">
<arg>${btn_linkedin}</arg>
<doc>Verifies that the element identified by ``locator`` is visible.</doc>
<msg timestamp="20220620 14:24:34.898" level="INFO">Element 'xpath://a[1]//img[1]' is displayed.</msg>
<status status="PASS" starttime="20220620 14:24:34.877" endtime="20220620 14:24:34.898"/>
</kw>
<kw name="Element Should Be Visible" library="SeleniumLibrary">
<arg>${btn_facebook}</arg>
<doc>Verifies that the element identified by ``locator`` is visible.</doc>
<msg timestamp="20220620 14:24:34.918" level="INFO">Element 'xpath://a[2]//img[1]' is displayed.</msg>
<status status="PASS" starttime="20220620 14:24:34.899" endtime="20220620 14:24:34.918"/>
</kw>
<kw name="Element Should Be Visible" library="SeleniumLibrary">
<arg>${btn_twitter}</arg>
<doc>Verifies that the element identified by ``locator`` is visible.</doc>
<msg timestamp="20220620 14:24:34.937" level="INFO">Element 'xpath://a[3]//img[1]' is displayed.</msg>
<status status="PASS" starttime="20220620 14:24:34.918" endtime="20220620 14:24:34.937"/>
</kw>
<kw name="Element Should Be Visible" library="SeleniumLibrary">
<arg>${btn_youtube}</arg>
<doc>Verifies that the element identified by ``locator`` is visible.</doc>
<msg timestamp="20220620 14:24:34.956" level="INFO">Element 'xpath://a[4]//img[1]' is displayed.</msg>
<status status="PASS" starttime="20220620 14:24:34.937" endtime="20220620 14:24:34.956"/>
</kw>
<status status="PASS" starttime="20220620 14:24:34.326" endtime="20220620 14:24:34.956"/>
</kw>
<kw name="Click On Username Box" library="LoginPageKeywords">
<kw name="Click Element" library="SeleniumLibrary">
<arg>${txt_username}</arg>
<doc>Click the element identified by ``locator``.</doc>
<msg timestamp="20220620 14:24:34.957" level="INFO">Clicking element 'id:txtUsername'.</msg>
<status status="PASS" starttime="20220620 14:24:34.957" endtime="20220620 14:24:34.999"/>
</kw>
<kw name="Element Should Not Be Visible" library="SeleniumLibrary">
<arg>${txt_hint_username}</arg>
<doc>Verifies that the element identified by ``locator`` is NOT visible.</doc>
<msg timestamp="20220620 14:24:35.016" level="INFO">Element 'xpath://span[@class='form-hint'][contains(text(),'Username')]' exists but is not displayed.</msg>
<status status="PASS" starttime="20220620 14:24:34.999" endtime="20220620 14:24:35.016"/>
</kw>
<kw name="Element Should Be Visible" library="SeleniumLibrary">
<arg>${txt_hint_password}</arg>
<doc>Verifies that the element identified by ``locator`` is visible.</doc>
<msg timestamp="20220620 14:24:35.201" level="INFO" html="true">&lt;/td&gt;&lt;/tr&gt;&lt;tr&gt;&lt;td colspan="3"&gt;&lt;a href="selenium-screenshot-1.png"&gt;&lt;img src="selenium-screenshot-1.png" width="800px"&gt;&lt;/a&gt;</msg>
<msg timestamp="20220620 14:24:35.202" level="FAIL">The element 'xpath://span[@class='form-hint'][contains(text(),'Password')]' should be visible, but it is not.</msg>
<status status="FAIL" starttime="20220620 14:24:35.016" endtime="20220620 14:24:35.205"/>
</kw>
<status status="FAIL" starttime="20220620 14:24:34.957" endtime="20220620 14:24:35.205"/>
</kw>
<kw name="Input Value Into The Username Box" library="LoginPageKeywords">
<arg>Admin</arg>
<status status="NOT RUN" starttime="20220620 14:24:35.206" endtime="20220620 14:24:35.206"/>
</kw>
<kw name="Delete Input Value And Click Outside The Username Box" library="LoginPageKeywords">
<status status="NOT RUN" starttime="20220620 14:24:35.206" endtime="20220620 14:24:35.207"/>
</kw>
<kw name="Click On Password Box" library="LoginPageKeywords">
<status status="NOT RUN" starttime="20220620 14:24:35.207" endtime="20220620 14:24:35.207"/>
</kw>
<kw name="Input Value Into The Password Box" library="LoginPageKeywords">
<arg>Admin</arg>
<status status="NOT RUN" starttime="20220620 14:24:35.207" endtime="20220620 14:24:35.207"/>
</kw>
<kw name="Delete Input Value And Click Outside The Password Box" library="LoginPageKeywords">
<status status="NOT RUN" starttime="20220620 14:24:35.208" endtime="20220620 14:24:35.208"/>
</kw>
<status status="FAIL" starttime="20220620 14:24:33.714" endtime="20220620 14:24:35.209">The element 'xpath://span[@class='form-hint'][contains(text(),'Password')]' should be visible, but it is not.</status>
</test>
<test id="s1-s1-s1-s1-t2" name="HO-39: Verify that all links in login page work correctly" line="16">
<kw name="Go To Login Page" library="LoginPageKeywords">
<kw name="Go To" library="SeleniumLibrary">
<arg>https://opensource-demo.orangehrmlive.com/</arg>
<doc>Navigates the current browser window to the provided ``url``.</doc>
<msg timestamp="20220620 14:24:35.211" level="INFO">Opening url 'https://opensource-demo.orangehrmlive.com/'</msg>
<status status="PASS" starttime="20220620 14:24:35.211" endtime="20220620 14:24:35.786"/>
</kw>
<kw name="Title Should Be" library="SeleniumLibrary">
<arg>OrangeHRM</arg>
<doc>Verifies that the current page title equals ``title``.</doc>
<msg timestamp="20220620 14:24:35.795" level="INFO">Page title is 'OrangeHRM'.</msg>
<status status="PASS" starttime="20220620 14:24:35.786" endtime="20220620 14:24:35.795"/>
</kw>
<status status="PASS" starttime="20220620 14:24:35.210" endtime="20220620 14:24:35.796"/>
</kw>
<kw name="Verify Forgot Passwork Link" library="LoginPageKeywords">
<kw name="Click Element" library="SeleniumLibrary">
<arg>${link_forgotPassword}</arg>
<doc>Click the element identified by ``locator``.</doc>
<msg timestamp="20220620 14:24:35.797" level="INFO">Clicking element 'xpath://a[contains(text(),'Forgot your password?')]'.</msg>
<status status="PASS" starttime="20220620 14:24:35.796" endtime="20220620 14:24:36.719"/>
</kw>
<kw name="Location Should Be" library="SeleniumLibrary">
<arg>https://opensource-demo.orangehrmlive.com/index.php/auth/requestPasswordResetCode</arg>
<doc>Verifies that the current URL is exactly ``url``.</doc>
<msg timestamp="20220620 14:24:36.726" level="INFO">Current location is 'https://opensource-demo.orangehrmlive.com/index.php/auth/requestPasswordResetCode'.</msg>
<status status="PASS" starttime="20220620 14:24:36.720" endtime="20220620 14:24:36.726"/>
</kw>
<status status="PASS" starttime="20220620 14:24:35.796" endtime="20220620 14:24:36.727"/>
</kw>
<kw name="Go To Login Page" library="LoginPageKeywords">
<kw name="Go To" library="SeleniumLibrary">
<arg>https://opensource-demo.orangehrmlive.com/</arg>
<doc>Navigates the current browser window to the provided ``url``.</doc>
<msg timestamp="20220620 14:24:36.728" level="INFO">Opening url 'https://opensource-demo.orangehrmlive.com/'</msg>
<status status="PASS" starttime="20220620 14:24:36.728" endtime="20220620 14:24:37.409"/>
</kw>
<kw name="Title Should Be" library="SeleniumLibrary">
<arg>OrangeHRM</arg>
<doc>Verifies that the current page title equals ``title``.</doc>
<msg timestamp="20220620 14:24:37.416" level="INFO">Page title is 'OrangeHRM'.</msg>
<status status="PASS" starttime="20220620 14:24:37.409" endtime="20220620 14:24:37.417"/>
</kw>
<status status="PASS" starttime="20220620 14:24:36.728" endtime="20220620 14:24:37.417"/>
</kw>
<kw name="Verify OrangeHRM Link" library="LoginPageKeywords">
<kw name="Click Element" library="SeleniumLibrary">
<arg>${link_footer}</arg>
<doc>Click the element identified by ``locator``.</doc>
<msg timestamp="20220620 14:24:37.418" level="INFO">Clicking element 'xpath://a[contains(text(),'OrangeHRM, Inc')]'.</msg>
<status status="PASS" starttime="20220620 14:24:37.417" endtime="20220620 14:24:37.493"/>
</kw>
<kw name="Switch Window" library="SeleniumLibrary">
<arg>NEW</arg>
<doc>Switches to browser window matching ``locator``.</doc>
<status status="PASS" starttime="20220620 14:24:37.493" endtime="20220620 14:24:37.502"/>
</kw>
<kw name="Location Should Be" library="SeleniumLibrary">
<arg>https://www.orangehrm.com/</arg>
<doc>Verifies that the current URL is exactly ``url``.</doc>
<msg timestamp="20220620 14:25:04.376" level="INFO">Current location is 'https://www.orangehrm.com/'.</msg>
<status status="PASS" starttime="20220620 14:24:37.502" endtime="20220620 14:25:04.377"/>
</kw>
<kw name="Close Window" library="SeleniumLibrary">
<doc>Closes currently opened and selected browser window/tab.</doc>
<status status="PASS" starttime="20220620 14:25:04.377" endtime="20220620 14:25:04.452"/>
</kw>
<kw name="Switch Window" library="SeleniumLibrary">
<arg>MAIN</arg>
<doc>Switches to browser window matching ``locator``.</doc>
<status status="PASS" starttime="20220620 14:25:04.452" endtime="20220620 14:25:04.458"/>
</kw>
<status status="PASS" starttime="20220620 14:24:37.417" endtime="20220620 14:25:04.458"/>
</kw>
<kw name="Go To Login Page" library="LoginPageKeywords">
<kw name="Go To" library="SeleniumLibrary">
<arg>https://opensource-demo.orangehrmlive.com/</arg>
<doc>Navigates the current browser window to the provided ``url``.</doc>
<msg timestamp="20220620 14:25:04.459" level="INFO">Opening url 'https://opensource-demo.orangehrmlive.com/'</msg>
<status status="PASS" starttime="20220620 14:25:04.459" endtime="20220620 14:25:06.234"/>
</kw>
<kw name="Title Should Be" library="SeleniumLibrary">
<arg>OrangeHRM</arg>
<doc>Verifies that the current page title equals ``title``.</doc>
<msg timestamp="20220620 14:25:06.240" level="INFO">Page title is 'OrangeHRM'.</msg>
<status status="PASS" starttime="20220620 14:25:06.235" endtime="20220620 14:25:06.240"/>
</kw>
<status status="PASS" starttime="20220620 14:25:04.459" endtime="20220620 14:25:06.240"/>
</kw>
<kw name="Verify Linkedin Button" library="LoginPageKeywords">
<kw name="Click Element" library="SeleniumLibrary">
<arg>${btn_linkedin}</arg>
<doc>Click the element identified by ``locator``.</doc>
<msg timestamp="20220620 14:25:06.242" level="INFO">Clicking element 'xpath://a[1]//img[1]'.</msg>
<status status="PASS" starttime="20220620 14:25:06.241" endtime="20220620 14:25:06.319"/>
</kw>
<kw name="Switch Window" library="SeleniumLibrary">
<arg>NEW</arg>
<doc>Switches to browser window matching ``locator``.</doc>
<status status="PASS" starttime="20220620 14:25:06.319" endtime="20220620 14:25:06.327"/>
</kw>
<kw name="Location Should Be" library="SeleniumLibrary">
<arg>http://www.linkedin.com/groups?home=&amp;gid=891077</arg>
<doc>Verifies that the current URL is exactly ``url``.</doc>
<msg timestamp="20220620 14:25:27.511" level="INFO">Current location is 'http://www.linkedin.com/groups?home=&amp;gid=891077'.</msg>
<status status="PASS" starttime="20220620 14:25:06.327" endtime="20220620 14:25:27.511"/>
</kw>
<kw name="Close Window" library="SeleniumLibrary">
<doc>Closes currently opened and selected browser window/tab.</doc>
<status status="PASS" starttime="20220620 14:25:27.512" endtime="20220620 14:25:27.538"/>
</kw>
<kw name="Switch Window" library="SeleniumLibrary">
<arg>MAIN</arg>
<doc>Switches to browser window matching ``locator``.</doc>
<status status="PASS" starttime="20220620 14:25:27.539" endtime="20220620 14:25:27.547"/>
</kw>
<status status="PASS" starttime="20220620 14:25:06.241" endtime="20220620 14:25:27.547"/>
</kw>
<kw name="Go To Login Page" library="LoginPageKeywords">
<kw name="Go To" library="SeleniumLibrary">
<arg>https://opensource-demo.orangehrmlive.com/</arg>
<doc>Navigates the current browser window to the provided ``url``.</doc>
<msg timestamp="20220620 14:25:27.548" level="INFO">Opening url 'https://opensource-demo.orangehrmlive.com/'</msg>
<status status="PASS" starttime="20220620 14:25:27.548" endtime="20220620 14:25:28.375"/>
</kw>
<kw name="Title Should Be" library="SeleniumLibrary">
<arg>OrangeHRM</arg>
<doc>Verifies that the current page title equals ``title``.</doc>
<msg timestamp="20220620 14:25:28.380" level="INFO">Page title is 'OrangeHRM'.</msg>
<status status="PASS" starttime="20220620 14:25:28.375" endtime="20220620 14:25:28.381"/>
</kw>
<status status="PASS" starttime="20220620 14:25:27.547" endtime="20220620 14:25:28.381"/>
</kw>
<kw name="Verify Facebook Button" library="LoginPageKeywords">
<kw name="Click Element" library="SeleniumLibrary">
<arg>${btn_facebook}</arg>
<doc>Click the element identified by ``locator``.</doc>
<msg timestamp="20220620 14:25:28.381" level="INFO">Clicking element 'xpath://a[2]//img[1]'.</msg>
<status status="PASS" starttime="20220620 14:25:28.381" endtime="20220620 14:25:28.457"/>
</kw>
<kw name="Switch Window" library="SeleniumLibrary">
<arg>NEW</arg>
<doc>Switches to browser window matching ``locator``.</doc>
<status status="PASS" starttime="20220620 14:25:28.457" endtime="20220620 14:25:28.467"/>
</kw>
<kw name="Location Should Be" library="SeleniumLibrary">
<arg>https://www.facebook.com/OrangeHRM</arg>
<doc>Verifies that the current URL is exactly ``url``.</doc>
<msg timestamp="20220620 14:25:49.644" level="INFO">Current location is 'https://www.facebook.com/OrangeHRM'.</msg>
<status status="PASS" starttime="20220620 14:25:28.467" endtime="20220620 14:25:49.644"/>
</kw>
<kw name="Close Window" library="SeleniumLibrary">
<doc>Closes currently opened and selected browser window/tab.</doc>
<status status="PASS" starttime="20220620 14:25:49.645" endtime="20220620 14:25:49.667"/>
</kw>
<kw name="Switch Window" library="SeleniumLibrary">
<arg>MAIN</arg>
<doc>Switches to browser window matching ``locator``.</doc>
<status status="PASS" starttime="20220620 14:25:49.667" endtime="20220620 14:25:49.678"/>
</kw>
<status status="PASS" starttime="20220620 14:25:28.381" endtime="20220620 14:25:49.678"/>
</kw>
<kw name="Go To Login Page" library="LoginPageKeywords">
<kw name="Go To" library="SeleniumLibrary">
<arg>https://opensource-demo.orangehrmlive.com/</arg>
<doc>Navigates the current browser window to the provided ``url``.</doc>
<msg timestamp="20220620 14:25:49.679" level="INFO">Opening url 'https://opensource-demo.orangehrmlive.com/'</msg>
<status status="PASS" starttime="20220620 14:25:49.679" endtime="20220620 14:25:50.286"/>
</kw>
<kw name="Title Should Be" library="SeleniumLibrary">
<arg>OrangeHRM</arg>
<doc>Verifies that the current page title equals ``title``.</doc>
<msg timestamp="20220620 14:25:50.295" level="INFO">Page title is 'OrangeHRM'.</msg>
<status status="PASS" starttime="20220620 14:25:50.286" endtime="20220620 14:25:50.295"/>
</kw>
<status status="PASS" starttime="20220620 14:25:49.679" endtime="20220620 14:25:50.295"/>
</kw>
<kw name="Verify Twitter Button" library="LoginPageKeywords">
<kw name="Click Element" library="SeleniumLibrary">
<arg>${btn_twitter}</arg>
<doc>Click the element identified by ``locator``.</doc>
<msg timestamp="20220620 14:25:50.296" level="INFO">Clicking element 'xpath://a[3]//img[1]'.</msg>
<status status="PASS" starttime="20220620 14:25:50.296" endtime="20220620 14:25:50.374"/>
</kw>
<kw name="Switch Window" library="SeleniumLibrary">
<arg>NEW</arg>
<doc>Switches to browser window matching ``locator``.</doc>
<status status="PASS" starttime="20220620 14:25:50.374" endtime="20220620 14:25:50.384"/>
</kw>
<kw name="Location Should Be" library="SeleniumLibrary">
<arg>https://twitter.com/orangehrm</arg>
<doc>Verifies that the current URL is exactly ``url``.</doc>
<msg timestamp="20220620 14:25:50.697" level="INFO">Current location is 'https://twitter.com/orangehrm'.</msg>
<status status="PASS" starttime="20220620 14:25:50.384" endtime="20220620 14:25:50.697"/>
</kw>
<kw name="Close Window" library="SeleniumLibrary">
<doc>Closes currently opened and selected browser window/tab.</doc>
<status status="PASS" starttime="20220620 14:25:50.698" endtime="20220620 14:25:50.725"/>
</kw>
<kw name="Switch Window" library="SeleniumLibrary">
<arg>MAIN</arg>
<doc>Switches to browser window matching ``locator``.</doc>
<status status="PASS" starttime="20220620 14:25:50.725" endtime="20220620 14:25:50.731"/>
</kw>
<status status="PASS" starttime="20220620 14:25:50.296" endtime="20220620 14:25:50.731"/>
</kw>
<kw name="Go To Login Page" library="LoginPageKeywords">
<kw name="Go To" library="SeleniumLibrary">
<arg>https://opensource-demo.orangehrmlive.com/</arg>
<doc>Navigates the current browser window to the provided ``url``.</doc>
<msg timestamp="20220620 14:25:50.732" level="INFO">Opening url 'https://opensource-demo.orangehrmlive.com/'</msg>
<status status="PASS" starttime="20220620 14:25:50.732" endtime="20220620 14:25:51.317"/>
</kw>
<kw name="Title Should Be" library="SeleniumLibrary">
<arg>OrangeHRM</arg>
<doc>Verifies that the current page title equals ``title``.</doc>
<msg timestamp="20220620 14:25:51.322" level="INFO">Page title is 'OrangeHRM'.</msg>
<status status="PASS" starttime="20220620 14:25:51.317" endtime="20220620 14:25:51.322"/>
</kw>
<status status="PASS" starttime="20220620 14:25:50.732" endtime="20220620 14:25:51.322"/>
</kw>
<kw name="Verify Youtube Button" library="LoginPageKeywords">
<kw name="Click Element" library="SeleniumLibrary">
<arg>${btn_youtube}</arg>
<doc>Click the element identified by ``locator``.</doc>
<msg timestamp="20220620 14:25:51.323" level="INFO">Clicking element 'xpath://a[4]//img[1]'.</msg>
<status status="PASS" starttime="20220620 14:25:51.323" endtime="20220620 14:25:51.396"/>
</kw>
<kw name="Switch Window" library="SeleniumLibrary">
<arg>NEW</arg>
<doc>Switches to browser window matching ``locator``.</doc>
<status status="PASS" starttime="20220620 14:25:51.396" endtime="20220620 14:25:51.405"/>
</kw>
<kw name="Location Should Be" library="SeleniumLibrary">
<arg>https://www.youtube.com/orangehrm</arg>
<doc>Verifies that the current URL is exactly ``url``.</doc>
<msg timestamp="20220620 14:25:51.719" level="INFO">Current location is 'https://www.youtube.com/orangehrm'.</msg>
<status status="PASS" starttime="20220620 14:25:51.405" endtime="20220620 14:25:51.719"/>
</kw>
<kw name="Close Window" library="SeleniumLibrary">
<doc>Closes currently opened and selected browser window/tab.</doc>
<status status="PASS" starttime="20220620 14:25:51.719" endtime="20220620 14:25:51.744"/>
</kw>
<kw name="Switch Window" library="SeleniumLibrary">
<arg>MAIN</arg>
<doc>Switches to browser window matching ``locator``.</doc>
<status status="PASS" starttime="20220620 14:25:51.745" endtime="20220620 14:25:51.759"/>
</kw>
<status status="PASS" starttime="20220620 14:25:51.323" endtime="20220620 14:25:51.759"/>
</kw>
<status status="PASS" starttime="20220620 14:24:35.210" endtime="20220620 14:25:51.760"/>
</test>
<status status="FAIL" starttime="20220620 14:24:33.683" endtime="20220620 14:25:51.763"/>
</suite>
<suite id="s1-s1-s1-s2" name="InvalidLogin" source="D:\Nam\Test\RobotFramework\OrangeHRM\TestCases\Login\2__InvalidLogin.robot">
<test id="s1-s1-s1-s2-t1" name="HO-27: Right username, wrong password" line="8">
<kw name="Invalid login">
<arg>Admin</arg>
<arg>admin</arg>
<arg>Either username or password is invalid</arg>
<kw name="Go To Login Page" library="LoginPageKeywords">
<kw name="Go To" library="SeleniumLibrary">
<arg>https://opensource-demo.orangehrmlive.com/</arg>
<doc>Navigates the current browser window to the provided ``url``.</doc>
<msg timestamp="20220620 14:25:51.821" level="INFO">Opening url 'https://opensource-demo.orangehrmlive.com/'</msg>
<status status="PASS" starttime="20220620 14:25:51.821" endtime="20220620 14:25:52.443"/>
</kw>
<kw name="Title Should Be" library="SeleniumLibrary">
<arg>OrangeHRM</arg>
<doc>Verifies that the current page title equals ``title``.</doc>
<msg timestamp="20220620 14:25:52.447" level="INFO">Page title is 'OrangeHRM'.</msg>
<status status="PASS" starttime="20220620 14:25:52.443" endtime="20220620 14:25:52.447"/>
</kw>
<status status="PASS" starttime="20220620 14:25:51.820" endtime="20220620 14:25:52.447"/>
</kw>
<kw name="Enter Username" library="LoginPageKeywords">
<arg>${username}</arg>
<kw name="Input Text" library="SeleniumLibrary">
<arg>${txt_username}</arg>
<arg>${username}</arg>
<doc>Types the given ``text`` into the text field identified by ``locator``.</doc>
<msg timestamp="20220620 14:25:52.448" level="INFO">Typing text 'Admin' into text field 'id:txtUsername'.</msg>
<status status="PASS" starttime="20220620 14:25:52.448" endtime="20220620 14:25:52.528"/>
</kw>
<status status="PASS" starttime="20220620 14:25:52.447" endtime="20220620 14:25:52.528"/>
</kw>
<kw name="Enter Password" library="LoginPageKeywords">
<arg>${password}</arg>
<kw name="Input Text" library="SeleniumLibrary">
<arg>${txt_password}</arg>
<arg>${password}</arg>
<doc>Types the given ``text`` into the text field identified by ``locator``.</doc>
<msg timestamp="20220620 14:25:52.529" level="INFO">Typing text 'admin' into text field 'id:txtPassword'.</msg>
<status status="PASS" starttime="20220620 14:25:52.529" endtime="20220620 14:25:52.604"/>
</kw>
<status status="PASS" starttime="20220620 14:25:52.528" endtime="20220620 14:25:52.604"/>
</kw>
<kw name="Click Login Button" library="LoginPageKeywords">
<kw name="Click Element" library="SeleniumLibrary">
<arg>${btn_login}</arg>
<doc>Click the element identified by ``locator``.</doc>
<msg timestamp="20220620 14:25:52.605" level="INFO">Clicking element 'id:btnLogin'.</msg>
<status status="PASS" starttime="20220620 14:25:52.605" endtime="20220620 14:25:54.369"/>
</kw>
<status status="PASS" starttime="20220620 14:25:52.604" endtime="20220620 14:25:54.369"/>
</kw>
<kw name="Verify Unsuccessful Login" library="LoginPageKeywords">
<arg>${error_message}</arg>
<kw name="Get Text" library="SeleniumLibrary">
<var>${message}</var>
<arg>${txt_errorMessage}</arg>
<doc>Returns the text value of the element identified by ``locator``.</doc>
<msg timestamp="20220620 14:25:54.393" level="INFO">${message} = Invalid credentials</msg>
<status status="PASS" starttime="20220620 14:25:54.370" endtime="20220620 14:25:54.393"/>
</kw>
<kw name="Should Be Equal" library="BuiltIn">
<arg>${message}</arg>
<arg>${error_message}</arg>
<doc>Fails if the given objects are unequal.</doc>
<msg timestamp="20220620 14:25:54.394" level="FAIL">Invalid credentials != Either username or password is invalid</msg>
<status status="FAIL" starttime="20220620 14:25:54.393" endtime="20220620 14:25:54.394"/>
</kw>
<status status="FAIL" starttime="20220620 14:25:54.369" endtime="20220620 14:25:54.394"/>
</kw>
<status status="FAIL" starttime="20220620 14:25:51.819" endtime="20220620 14:25:54.395"/>
</kw>
<status status="FAIL" starttime="20220620 14:25:51.818" endtime="20220620 14:25:54.395">Invalid credentials != Either username or password is invalid</status>
</test>
<test id="s1-s1-s1-s2-t2" name="HO-30: Right username, empty password" line="8">
<kw name="Invalid login">
<arg>Admin</arg>
<arg>${EMPTY}</arg>
<arg>Password cannot be empty</arg>
<kw name="Go To Login Page" library="LoginPageKeywords">
<kw name="Go To" library="SeleniumLibrary">
<arg>https://opensource-demo.orangehrmlive.com/</arg>
<doc>Navigates the current browser window to the provided ``url``.</doc>
<msg timestamp="20220620 14:25:54.400" level="INFO">Opening url 'https://opensource-demo.orangehrmlive.com/'</msg>
<status status="PASS" starttime="20220620 14:25:54.400" endtime="20220620 14:25:55.021"/>
</kw>
<kw name="Title Should Be" library="SeleniumLibrary">
<arg>OrangeHRM</arg>
<doc>Verifies that the current page title equals ``title``.</doc>
<msg timestamp="20220620 14:25:55.031" level="INFO">Page title is 'OrangeHRM'.</msg>
<status status="PASS" starttime="20220620 14:25:55.021" endtime="20220620 14:25:55.032"/>
</kw>
<status status="PASS" starttime="20220620 14:25:54.400" endtime="20220620 14:25:55.032"/>
</kw>
<kw name="Enter Username" library="LoginPageKeywords">
<arg>${username}</arg>
<kw name="Input Text" library="SeleniumLibrary">
<arg>${txt_username}</arg>
<arg>${username}</arg>
<doc>Types the given ``text`` into the text field identified by ``locator``.</doc>
<msg timestamp="20220620 14:25:55.033" level="INFO">Typing text 'Admin' into text field 'id:txtUsername'.</msg>
<status status="PASS" starttime="20220620 14:25:55.032" endtime="20220620 14:25:55.110"/>
</kw>
<status status="PASS" starttime="20220620 14:25:55.032" endtime="20220620 14:25:55.110"/>
</kw>
<kw name="Enter Password" library="LoginPageKeywords">
<arg>${password}</arg>
<kw name="Input Text" library="SeleniumLibrary">
<arg>${txt_password}</arg>
<arg>${password}</arg>
<doc>Types the given ``text`` into the text field identified by ``locator``.</doc>
<msg timestamp="20220620 14:25:55.111" level="INFO">Typing text '' into text field 'id:txtPassword'.</msg>
<status status="PASS" starttime="20220620 14:25:55.111" endtime="20220620 14:25:55.176"/>
</kw>
<status status="PASS" starttime="20220620 14:25:55.110" endtime="20220620 14:25:55.176"/>
</kw>
<kw name="Click Login Button" library="LoginPageKeywords">
<kw name="Click Element" library="SeleniumLibrary">
<arg>${btn_login}</arg>
<doc>Click the element identified by ``locator``.</doc>
<msg timestamp="20220620 14:25:55.177" level="INFO">Clicking element 'id:btnLogin'.</msg>
<status status="PASS" starttime="20220620 14:25:55.177" endtime="20220620 14:25:55.221"/>
</kw>
<status status="PASS" starttime="20220620 14:25:55.177" endtime="20220620 14:25:55.221"/>
</kw>
<kw name="Verify Unsuccessful Login" library="LoginPageKeywords">
<arg>${error_message}</arg>
<kw name="Get Text" library="SeleniumLibrary">
<var>${message}</var>
<arg>${txt_errorMessage}</arg>
<doc>Returns the text value of the element identified by ``locator``.</doc>
<msg timestamp="20220620 14:25:55.239" level="INFO">${message} = Password cannot be empty</msg>
<status status="PASS" starttime="20220620 14:25:55.221" endtime="20220620 14:25:55.239"/>
</kw>
<kw name="Should Be Equal" library="BuiltIn">
<arg>${message}</arg>
<arg>${error_message}</arg>
<doc>Fails if the given objects are unequal.</doc>
<status status="PASS" starttime="20220620 14:25:55.239" endtime="20220620 14:25:55.239"/>
</kw>
<status status="PASS" starttime="20220620 14:25:55.221" endtime="20220620 14:25:55.240"/>
</kw>
<status status="PASS" starttime="20220620 14:25:54.399" endtime="20220620 14:25:55.240"/>
</kw>
<status status="PASS" starttime="20220620 14:25:54.398" endtime="20220620 14:25:55.240"/>
</test>
<test id="s1-s1-s1-s2-t3" name="HO-32: Wrong username, right password" line="8">
<kw name="Invalid login">
<arg>Adm</arg>
<arg>admin123</arg>
<arg>Either username or password is invalid</arg>
<kw name="Go To Login Page" library="LoginPageKeywords">
<kw name="Go To" library="SeleniumLibrary">
<arg>https://opensource-demo.orangehrmlive.com/</arg>
<doc>Navigates the current browser window to the provided ``url``.</doc>
<msg timestamp="20220620 14:25:55.244" level="INFO">Opening url 'https://opensource-demo.orangehrmlive.com/'</msg>
<status status="PASS" starttime="20220620 14:25:55.243" endtime="20220620 14:25:55.856"/>
</kw>
<kw name="Title Should Be" library="SeleniumLibrary">
<arg>OrangeHRM</arg>
<doc>Verifies that the current page title equals ``title``.</doc>
<msg timestamp="20220620 14:25:55.865" level="INFO">Page title is 'OrangeHRM'.</msg>
<status status="PASS" starttime="20220620 14:25:55.856" endtime="20220620 14:25:55.865"/>
</kw>
<status status="PASS" starttime="20220620 14:25:55.243" endtime="20220620 14:25:55.865"/>
</kw>
<kw name="Enter Username" library="LoginPageKeywords">
<arg>${username}</arg>
<kw name="Input Text" library="SeleniumLibrary">
<arg>${txt_username}</arg>
<arg>${username}</arg>
<doc>Types the given ``text`` into the text field identified by ``locator``.</doc>
<msg timestamp="20220620 14:25:55.866" level="INFO">Typing text 'Adm' into text field 'id:txtUsername'.</msg>
<status status="PASS" starttime="20220620 14:25:55.866" endtime="20220620 14:25:55.938"/>
</kw>
<status status="PASS" starttime="20220620 14:25:55.866" endtime="20220620 14:25:55.938"/>
</kw>
<kw name="Enter Password" library="LoginPageKeywords">
<arg>${password}</arg>
<kw name="Input Text" library="SeleniumLibrary">
<arg>${txt_password}</arg>
<arg>${password}</arg>
<doc>Types the given ``text`` into the text field identified by ``locator``.</doc>
<msg timestamp="20220620 14:25:55.939" level="INFO">Typing text 'admin123' into text field 'id:txtPassword'.</msg>
<status status="PASS" starttime="20220620 14:25:55.939" endtime="20220620 14:25:56.010"/>
</kw>
<status status="PASS" starttime="20220620 14:25:55.938" endtime="20220620 14:25:56.010"/>
</kw>
<kw name="Click Login Button" library="LoginPageKeywords">
<kw name="Click Element" library="SeleniumLibrary">
<arg>${btn_login}</arg>
<doc>Click the element identified by ``locator``.</doc>
<msg timestamp="20220620 14:25:56.010" level="INFO">Clicking element 'id:btnLogin'.</msg>
<status status="PASS" starttime="20220620 14:25:56.010" endtime="20220620 14:25:57.173"/>
</kw>
<status status="PASS" starttime="20220620 14:25:56.010" endtime="20220620 14:25:57.174"/>
</kw>
<kw name="Verify Unsuccessful Login" library="LoginPageKeywords">
<arg>${error_message}</arg>
<kw name="Get Text" library="SeleniumLibrary">
<var>${message}</var>
<arg>${txt_errorMessage}</arg>
<doc>Returns the text value of the element identified by ``locator``.</doc>
<msg timestamp="20220620 14:25:57.202" level="INFO">${message} = Invalid credentials</msg>
<status status="PASS" starttime="20220620 14:25:57.174" endtime="20220620 14:25:57.202"/>
</kw>
<kw name="Should Be Equal" library="BuiltIn">
<arg>${message}</arg>
<arg>${error_message}</arg>
<doc>Fails if the given objects are unequal.</doc>
<msg timestamp="20220620 14:25:57.203" level="FAIL">Invalid credentials != Either username or password is invalid</msg>
<status status="FAIL" starttime="20220620 14:25:57.202" endtime="20220620 14:25:57.203"/>
</kw>
<status status="FAIL" starttime="20220620 14:25:57.174" endtime="20220620 14:25:57.203"/>
</kw>
<status status="FAIL" starttime="20220620 14:25:55.243" endtime="20220620 14:25:57.204"/>
</kw>
<status status="FAIL" starttime="20220620 14:25:55.242" endtime="20220620 14:25:57.205">Invalid credentials != Either username or password is invalid</status>
</test>
<test id="s1-s1-s1-s2-t4" name="HO-33: Wrong username, wrong password" line="8">
<kw name="Invalid login">
<arg>Adm</arg>
<arg>admin</arg>
<arg>Either username or password is invalid</arg>
<kw name="Go To Login Page" library="LoginPageKeywords">
<kw name="Go To" library="SeleniumLibrary">
<arg>https://opensource-demo.orangehrmlive.com/</arg>
<doc>Navigates the current browser window to the provided ``url``.</doc>
<msg timestamp="20220620 14:25:57.208" level="INFO">Opening url 'https://opensource-demo.orangehrmlive.com/'</msg>
<status status="PASS" starttime="20220620 14:25:57.208" endtime="20220620 14:25:57.763"/>
</kw>
<kw name="Title Should Be" library="SeleniumLibrary">
<arg>OrangeHRM</arg>
<doc>Verifies that the current page title equals ``title``.</doc>
<msg timestamp="20220620 14:25:57.768" level="INFO">Page title is 'OrangeHRM'.</msg>
<status status="PASS" starttime="20220620 14:25:57.763" endtime="20220620 14:25:57.768"/>
</kw>
<status status="PASS" starttime="20220620 14:25:57.208" endtime="20220620 14:25:57.768"/>
</kw>
<kw name="Enter Username" library="LoginPageKeywords">
<arg>${username}</arg>
<kw name="Input Text" library="SeleniumLibrary">
<arg>${txt_username}</arg>
<arg>${username}</arg>
<doc>Types the given ``text`` into the text field identified by ``locator``.</doc>
<msg timestamp="20220620 14:25:57.769" level="INFO">Typing text 'Adm' into text field 'id:txtUsername'.</msg>
<status status="PASS" starttime="20220620 14:25:57.769" endtime="20220620 14:25:57.848"/>
</kw>
<status status="PASS" starttime="20220620 14:25:57.768" endtime="20220620 14:25:57.848"/>
</kw>
<kw name="Enter Password" library="LoginPageKeywords">
<arg>${password}</arg>
<kw name="Input Text" library="SeleniumLibrary">
<arg>${txt_password}</arg>
<arg>${password}</arg>
<doc>Types the given ``text`` into the text field identified by ``locator``.</doc>
<msg timestamp="20220620 14:25:57.849" level="INFO">Typing text 'admin' into text field 'id:txtPassword'.</msg>
<status status="PASS" starttime="20220620 14:25:57.849" endtime="20220620 14:25:57.921"/>
</kw>
<status status="PASS" starttime="20220620 14:25:57.849" endtime="20220620 14:25:57.921"/>
</kw>
<kw name="Click Login Button" library="LoginPageKeywords">
<kw name="Click Element" library="SeleniumLibrary">
<arg>${btn_login}</arg>
<doc>Click the element identified by ``locator``.</doc>
<msg timestamp="20220620 14:25:57.922" level="INFO">Clicking element 'id:btnLogin'.</msg>
<status status="PASS" starttime="20220620 14:25:57.922" endtime="20220620 14:25:59.050"/>
</kw>
<status status="PASS" starttime="20220620 14:25:57.921" endtime="20220620 14:25:59.050"/>
</kw>
<kw name="Verify Unsuccessful Login" library="LoginPageKeywords">
<arg>${error_message}</arg>
<kw name="Get Text" library="SeleniumLibrary">
<var>${message}</var>
<arg>${txt_errorMessage}</arg>
<doc>Returns the text value of the element identified by ``locator``.</doc>
<msg timestamp="20220620 14:25:59.076" level="INFO">${message} = Invalid credentials</msg>
<status status="PASS" starttime="20220620 14:25:59.051" endtime="20220620 14:25:59.076"/>
</kw>
<kw name="Should Be Equal" library="BuiltIn">
<arg>${message}</arg>
<arg>${error_message}</arg>
<doc>Fails if the given objects are unequal.</doc>
<msg timestamp="20220620 14:25:59.077" level="FAIL">Invalid credentials != Either username or password is invalid</msg>
<status status="FAIL" starttime="20220620 14:25:59.076" endtime="20220620 14:25:59.078"/>
</kw>
<status status="FAIL" starttime="20220620 14:25:59.050" endtime="20220620 14:25:59.080"/>
</kw>
<status status="FAIL" starttime="20220620 14:25:57.207" endtime="20220620 14:25:59.080"/>
</kw>
<status status="FAIL" starttime="20220620 14:25:57.206" endtime="20220620 14:25:59.082">Invalid credentials != Either username or password is invalid</status>
</test>
<test id="s1-s1-s1-s2-t5" name="HO-34: Wrong username, empty password" line="8">
<kw name="Invalid login">
<arg>Adm</arg>
<arg>${EMPTY}</arg>
<arg>Password cannot be empty</arg>
<kw name="Go To Login Page" library="LoginPageKeywords">
<kw name="Go To" library="SeleniumLibrary">
<arg>https://opensource-demo.orangehrmlive.com/</arg>
<doc>Navigates the current browser window to the provided ``url``.</doc>
<msg timestamp="20220620 14:25:59.086" level="INFO">Opening url 'https://opensource-demo.orangehrmlive.com/'</msg>
<status status="PASS" starttime="20220620 14:25:59.086" endtime="20220620 14:25:59.630"/>
</kw>
<kw name="Title Should Be" library="SeleniumLibrary">
<arg>OrangeHRM</arg>
<doc>Verifies that the current page title equals ``title``.</doc>
<msg timestamp="20220620 14:25:59.637" level="INFO">Page title is 'OrangeHRM'.</msg>
<status status="PASS" starttime="20220620 14:25:59.631" endtime="20220620 14:25:59.638"/>
</kw>
<status status="PASS" starttime="20220620 14:25:59.086" endtime="20220620 14:25:59.638"/>
</kw>
<kw name="Enter Username" library="LoginPageKeywords">
<arg>${username}</arg>
<kw name="Input Text" library="SeleniumLibrary">
<arg>${txt_username}</arg>
<arg>${username}</arg>
<doc>Types the given ``text`` into the text field identified by ``locator``.</doc>
<msg timestamp="20220620 14:25:59.639" level="INFO">Typing text 'Adm' into text field 'id:txtUsername'.</msg>
<status status="PASS" starttime="20220620 14:25:59.638" endtime="20220620 14:25:59.717"/>
</kw>
<status status="PASS" starttime="20220620 14:25:59.638" endtime="20220620 14:25:59.717"/>
</kw>
<kw name="Enter Password" library="LoginPageKeywords">
<arg>${password}</arg>
<kw name="Input Text" library="SeleniumLibrary">
<arg>${txt_password}</arg>
<arg>${password}</arg>
<doc>Types the given ``text`` into the text field identified by ``locator``.</doc>
<msg timestamp="20220620 14:25:59.718" level="INFO">Typing text '' into text field 'id:txtPassword'.</msg>
<status status="PASS" starttime="20220620 14:25:59.718" endtime="20220620 14:25:59.789"/>
</kw>
<status status="PASS" starttime="20220620 14:25:59.717" endtime="20220620 14:25:59.789"/>
</kw>
<kw name="Click Login Button" library="LoginPageKeywords">
<kw name="Click Element" library="SeleniumLibrary">
<arg>${btn_login}</arg>
<doc>Click the element identified by ``locator``.</doc>
<msg timestamp="20220620 14:25:59.789" level="INFO">Clicking element 'id:btnLogin'.</msg>
<status status="PASS" starttime="20220620 14:25:59.789" endtime="20220620 14:25:59.832"/>
</kw>
<status status="PASS" starttime="20220620 14:25:59.789" endtime="20220620 14:25:59.832"/>
</kw>
<kw name="Verify Unsuccessful Login" library="LoginPageKeywords">
<arg>${error_message}</arg>
<kw name="Get Text" library="SeleniumLibrary">
<var>${message}</var>
<arg>${txt_errorMessage}</arg>
<doc>Returns the text value of the element identified by ``locator``.</doc>
<msg timestamp="20220620 14:25:59.851" level="INFO">${message} = Password cannot be empty</msg>
<status status="PASS" starttime="20220620 14:25:59.833" endtime="20220620 14:25:59.852"/>
</kw>
<kw name="Should Be Equal" library="BuiltIn">
<arg>${message}</arg>
<arg>${error_message}</arg>
<doc>Fails if the given objects are unequal.</doc>
<status status="PASS" starttime="20220620 14:25:59.852" endtime="20220620 14:25:59.852"/>
</kw>
<status status="PASS" starttime="20220620 14:25:59.832" endtime="20220620 14:25:59.852"/>
</kw>
<status status="PASS" starttime="20220620 14:25:59.085" endtime="20220620 14:25:59.852"/>
</kw>
<status status="PASS" starttime="20220620 14:25:59.083" endtime="20220620 14:25:59.853"/>
</test>
<test id="s1-s1-s1-s2-t6" name="HO-35: Empty username, right password" line="8">
<kw name="Invalid login">
<arg>${EMPTY}</arg>
<arg>admin123</arg>
<arg>Username cannot be empty</arg>
<kw name="Go To Login Page" library="LoginPageKeywords">
<kw name="Go To" library="SeleniumLibrary">
<arg>https://opensource-demo.orangehrmlive.com/</arg>
<doc>Navigates the current browser window to the provided ``url``.</doc>
<msg timestamp="20220620 14:25:59.857" level="INFO">Opening url 'https://opensource-demo.orangehrmlive.com/'</msg>
<status status="PASS" starttime="20220620 14:25:59.857" endtime="20220620 14:26:00.464"/>
</kw>
<kw name="Title Should Be" library="SeleniumLibrary">
<arg>OrangeHRM</arg>
<doc>Verifies that the current page title equals ``title``.</doc>
<msg timestamp="20220620 14:26:00.469" level="INFO">Page title is 'OrangeHRM'.</msg>
<status status="PASS" starttime="20220620 14:26:00.465" endtime="20220620 14:26:00.469"/>
</kw>
<status status="PASS" starttime="20220620 14:25:59.857" endtime="20220620 14:26:00.470"/>
</kw>
<kw name="Enter Username" library="LoginPageKeywords">
<arg>${username}</arg>
<kw name="Input Text" library="SeleniumLibrary">
<arg>${txt_username}</arg>
<arg>${username}</arg>
<doc>Types the given ``text`` into the text field identified by ``locator``.</doc>
<msg timestamp="20220620 14:26:00.471" level="INFO">Typing text '' into text field 'id:txtUsername'.</msg>
<status status="PASS" starttime="20220620 14:26:00.470" endtime="20220620 14:26:00.547"/>
</kw>
<status status="PASS" starttime="20220620 14:26:00.470" endtime="20220620 14:26:00.547"/>
</kw>
<kw name="Enter Password" library="LoginPageKeywords">
<arg>${password}</arg>
<kw name="Input Text" library="SeleniumLibrary">
<arg>${txt_password}</arg>
<arg>${password}</arg>
<doc>Types the given ``text`` into the text field identified by ``locator``.</doc>
<msg timestamp="20220620 14:26:00.548" level="INFO">Typing text 'admin123' into text field 'id:txtPassword'.</msg>
<status status="PASS" starttime="20220620 14:26:00.548" endtime="20220620 14:26:00.620"/>
</kw>
<status status="PASS" starttime="20220620 14:26:00.547" endtime="20220620 14:26:00.620"/>
</kw>
<kw name="Click Login Button" library="LoginPageKeywords">
<kw name="Click Element" library="SeleniumLibrary">
<arg>${btn_login}</arg>
<doc>Click the element identified by ``locator``.</doc>
<msg timestamp="20220620 14:26:00.622" level="INFO">Clicking element 'id:btnLogin'.</msg>
<status status="PASS" starttime="20220620 14:26:00.621" endtime="20220620 14:26:00.669"/>
</kw>
<status status="PASS" starttime="20220620 14:26:00.620" endtime="20220620 14:26:00.669"/>
</kw>
<kw name="Verify Unsuccessful Login" library="LoginPageKeywords">
<arg>${error_message}</arg>
<kw name="Get Text" library="SeleniumLibrary">
<var>${message}</var>
<arg>${txt_errorMessage}</arg>
<doc>Returns the text value of the element identified by ``locator``.</doc>
<msg timestamp="20220620 14:26:00.691" level="INFO">${message} = Username cannot be empty</msg>
<status status="PASS" starttime="20220620 14:26:00.670" endtime="20220620 14:26:00.691"/>
</kw>
<kw name="Should Be Equal" library="BuiltIn">
<arg>${message}</arg>
<arg>${error_message}</arg>
<doc>Fails if the given objects are unequal.</doc>
<status status="PASS" starttime="20220620 14:26:00.691" endtime="20220620 14:26:00.692"/>
</kw>
<status status="PASS" starttime="20220620 14:26:00.669" endtime="20220620 14:26:00.692"/>
</kw>
<status status="PASS" starttime="20220620 14:25:59.856" endtime="20220620 14:26:00.692"/>
</kw>
<status status="PASS" starttime="20220620 14:25:59.854" endtime="20220620 14:26:00.692"/>
</test>
<test id="s1-s1-s1-s2-t7" name="HO-36: Empty username, wrong password" line="8">
<kw name="Invalid login">
<arg>${EMPTY}</arg>
<arg>admin</arg>
<arg>Username cannot be empty</arg>
<kw name="Go To Login Page" library="LoginPageKeywords">
<kw name="Go To" library="SeleniumLibrary">
<arg>https://opensource-demo.orangehrmlive.com/</arg>
<doc>Navigates the current browser window to the provided ``url``.</doc>
<msg timestamp="20220620 14:26:00.698" level="INFO">Opening url 'https://opensource-demo.orangehrmlive.com/'</msg>
<status status="PASS" starttime="20220620 14:26:00.698" endtime="20220620 14:26:01.318"/>
</kw>
<kw name="Title Should Be" library="SeleniumLibrary">
<arg>OrangeHRM</arg>
<doc>Verifies that the current page title equals ``title``.</doc>
<msg timestamp="20220620 14:26:01.325" level="INFO">Page title is 'OrangeHRM'.</msg>
<status status="PASS" starttime="20220620 14:26:01.318" endtime="20220620 14:26:01.325"/>
</kw>
<status status="PASS" starttime="20220620 14:26:00.698" endtime="20220620 14:26:01.325"/>
</kw>
<kw name="Enter Username" library="LoginPageKeywords">
<arg>${username}</arg>
<kw name="Input Text" library="SeleniumLibrary">
<arg>${txt_username}</arg>
<arg>${username}</arg>
<doc>Types the given ``text`` into the text field identified by ``locator``.</doc>
<msg timestamp="20220620 14:26:01.326" level="INFO">Typing text '' into text field 'id:txtUsername'.</msg>
<status status="PASS" starttime="20220620 14:26:01.325" endtime="20220620 14:26:01.402"/>
</kw>
<status status="PASS" starttime="20220620 14:26:01.325" endtime="20220620 14:26:01.403"/>
</kw>
<kw name="Enter Password" library="LoginPageKeywords">
<arg>${password}</arg>
<kw name="Input Text" library="SeleniumLibrary">
<arg>${txt_password}</arg>
<arg>${password}</arg>
<doc>Types the given ``text`` into the text field identified by ``locator``.</doc>
<msg timestamp="20220620 14:26:01.404" level="INFO">Typing text 'admin' into text field 'id:txtPassword'.</msg>
<status status="PASS" starttime="20220620 14:26:01.403" endtime="20220620 14:26:01.485"/>
</kw>
<status status="PASS" starttime="20220620 14:26:01.403" endtime="20220620 14:26:01.485"/>
</kw>
<kw name="Click Login Button" library="LoginPageKeywords">
<kw name="Click Element" library="SeleniumLibrary">
<arg>${btn_login}</arg>
<doc>Click the element identified by ``locator``.</doc>
<msg timestamp="20220620 14:26:01.486" level="INFO">Clicking element 'id:btnLogin'.</msg>
<status status="PASS" starttime="20220620 14:26:01.486" endtime="20220620 14:26:01.539"/>
</kw>
<status status="PASS" starttime="20220620 14:26:01.485" endtime="20220620 14:26:01.539"/>
</kw>
<kw name="Verify Unsuccessful Login" library="LoginPageKeywords">
<arg>${error_message}</arg>
<kw name="Get Text" library="SeleniumLibrary">
<var>${message}</var>
<arg>${txt_errorMessage}</arg>
<doc>Returns the text value of the element identified by ``locator``.</doc>
<msg timestamp="20220620 14:26:01.562" level="INFO">${message} = Username cannot be empty</msg>
<status status="PASS" starttime="20220620 14:26:01.540" endtime="20220620 14:26:01.562"/>
</kw>
<kw name="Should Be Equal" library="BuiltIn">
<arg>${message}</arg>
<arg>${error_message}</arg>
<doc>Fails if the given objects are unequal.</doc>
<status status="PASS" starttime="20220620 14:26:01.562" endtime="20220620 14:26:01.563"/>
</kw>
<status status="PASS" starttime="20220620 14:26:01.539" endtime="20220620 14:26:01.563"/>
</kw>
<status status="PASS" starttime="20220620 14:26:00.697" endtime="20220620 14:26:01.563"/>
</kw>
<status status="PASS" starttime="20220620 14:26:00.694" endtime="20220620 14:26:01.564"/>
</test>
<test id="s1-s1-s1-s2-t8" name="HO-37: Empty username, empty password" line="8">
<kw name="Invalid login">
<arg>${EMPTY}</arg>
<arg>${EMPTY}</arg>
<arg>Username cannot be empty</arg>
<kw name="Go To Login Page" library="LoginPageKeywords">
<kw name="Go To" library="SeleniumLibrary">
<arg>https://opensource-demo.orangehrmlive.com/</arg>
<doc>Navigates the current browser window to the provided ``url``.</doc>
<msg timestamp="20220620 14:26:01.569" level="INFO">Opening url 'https://opensource-demo.orangehrmlive.com/'</msg>
<status status="PASS" starttime="20220620 14:26:01.569" endtime="20220620 14:26:02.183"/>
</kw>
<kw name="Title Should Be" library="SeleniumLibrary">
<arg>OrangeHRM</arg>
<doc>Verifies that the current page title equals ``title``.</doc>
<msg timestamp="20220620 14:26:02.189" level="INFO">Page title is 'OrangeHRM'.</msg>
<status status="PASS" starttime="20220620 14:26:02.183" endtime="20220620 14:26:02.189"/>
</kw>
<status status="PASS" starttime="20220620 14:26:01.568" endtime="20220620 14:26:02.189"/>
</kw>
<kw name="Enter Username" library="LoginPageKeywords">
<arg>${username}</arg>
<kw name="Input Text" library="SeleniumLibrary">
<arg>${txt_username}</arg>
<arg>${username}</arg>
<doc>Types the given ``text`` into the text field identified by ``locator``.</doc>
<msg timestamp="20220620 14:26:02.190" level="INFO">Typing text '' into text field 'id:txtUsername'.</msg>
<status status="PASS" starttime="20220620 14:26:02.190" endtime="20220620 14:26:02.265"/>
</kw>
<status status="PASS" starttime="20220620 14:26:02.190" endtime="20220620 14:26:02.265"/>
</kw>
<kw name="Enter Password" library="LoginPageKeywords">
<arg>${password}</arg>
<kw name="Input Text" library="SeleniumLibrary">
<arg>${txt_password}</arg>
<arg>${password}</arg>
<doc>Types the given ``text`` into the text field identified by ``locator``.</doc>
<msg timestamp="20220620 14:26:02.266" level="INFO">Typing text '' into text field 'id:txtPassword'.</msg>
<status status="PASS" starttime="20220620 14:26:02.266" endtime="20220620 14:26:02.335"/>
</kw>
<status status="PASS" starttime="20220620 14:26:02.266" endtime="20220620 14:26:02.335"/>
</kw>
<kw name="Click Login Button" library="LoginPageKeywords">
<kw name="Click Element" library="SeleniumLibrary">
<arg>${btn_login}</arg>
<doc>Click the element identified by ``locator``.</doc>
<msg timestamp="20220620 14:26:02.335" level="INFO">Clicking element 'id:btnLogin'.</msg>
<status status="PASS" starttime="20220620 14:26:02.335" endtime="20220620 14:26:02.378"/>
</kw>
<status status="PASS" starttime="20220620 14:26:02.335" endtime="20220620 14:26:02.379"/>
</kw>
<kw name="Verify Unsuccessful Login" library="LoginPageKeywords">
<arg>${error_message}</arg>
<kw name="Get Text" library="SeleniumLibrary">
<var>${message}</var>
<arg>${txt_errorMessage}</arg>
<doc>Returns the text value of the element identified by ``locator``.</doc>
<msg timestamp="20220620 14:26:02.399" level="INFO">${message} = Username cannot be empty</msg>
<status status="PASS" starttime="20220620 14:26:02.379" endtime="20220620 14:26:02.399"/>
</kw>
<kw name="Should Be Equal" library="BuiltIn">
<arg>${message}</arg>
<arg>${error_message}</arg>
<doc>Fails if the given objects are unequal.</doc>
<status status="PASS" starttime="20220620 14:26:02.399" endtime="20220620 14:26:02.400"/>
</kw>
<status status="PASS" starttime="20220620 14:26:02.379" endtime="20220620 14:26:02.400"/>
</kw>
<status status="PASS" starttime="20220620 14:26:01.567" endtime="20220620 14:26:02.400"/>
</kw>
<status status="PASS" starttime="20220620 14:26:01.565" endtime="20220620 14:26:02.402"/>
</test>
<status status="FAIL" starttime="20220620 14:25:51.765" endtime="20220620 14:26:02.403"/>
</suite>
<suite id="s1-s1-s1-s3" name="ValidLogin" source="D:\Nam\Test\RobotFramework\OrangeHRM\TestCases\Login\3__ValidLogin.robot">
<test id="s1-s1-s1-s3-t1" name="HO-22: Verify that login functionality works correctly with the valid account" line="7">
<kw name="Go To Login Page" library="LoginPageKeywords">
<kw name="Go To" library="SeleniumLibrary">
<arg>https://opensource-demo.orangehrmlive.com/</arg>
<doc>Navigates the current browser window to the provided ``url``.</doc>
<msg timestamp="20220620 14:26:02.425" level="INFO">Opening url 'https://opensource-demo.orangehrmlive.com/'</msg>
<status status="PASS" starttime="20220620 14:26:02.425" endtime="20220620 14:26:03.028"/>
</kw>
<kw name="Title Should Be" library="SeleniumLibrary">
<arg>OrangeHRM</arg>
<doc>Verifies that the current page title equals ``title``.</doc>
<msg timestamp="20220620 14:26:03.035" level="INFO">Page title is 'OrangeHRM'.</msg>
<status status="PASS" starttime="20220620 14:26:03.028" endtime="20220620 14:26:03.035"/>
</kw>
<status status="PASS" starttime="20220620 14:26:02.425" endtime="20220620 14:26:03.035"/>
</kw>
<kw name="Enter Username" library="LoginPageKeywords">
<arg>${username}</arg>
<kw name="Input Text" library="SeleniumLibrary">
<arg>${txt_username}</arg>
<arg>${username}</arg>
<doc>Types the given ``text`` into the text field identified by ``locator``.</doc>
<msg timestamp="20220620 14:26:03.036" level="INFO">Typing text 'Admin' into text field 'id:txtUsername'.</msg>
<status status="PASS" starttime="20220620 14:26:03.036" endtime="20220620 14:26:03.111"/>
</kw>
<status status="PASS" starttime="20220620 14:26:03.035" endtime="20220620 14:26:03.111"/>
</kw>
<kw name="Enter Password" library="LoginPageKeywords">
<arg>${password}</arg>
<kw name="Input Text" library="SeleniumLibrary">
<arg>${txt_password}</arg>
<arg>${password}</arg>
<doc>Types the given ``text`` into the text field identified by ``locator``.</doc>
<msg timestamp="20220620 14:26:03.123" level="INFO">Typing text 'admin123' into text field 'id:txtPassword'.</msg>
<status status="PASS" starttime="20220620 14:26:03.112" endtime="20220620 14:26:03.196"/>
</kw>
<status status="PASS" starttime="20220620 14:26:03.112" endtime="20220620 14:26:03.196"/>
</kw>
<kw name="Click Login Button" library="LoginPageKeywords">
<kw name="Click Element" library="SeleniumLibrary">
<arg>${btn_login}</arg>
<doc>Click the element identified by ``locator``.</doc>
<msg timestamp="20220620 14:26:03.197" level="INFO">Clicking element 'id:btnLogin'.</msg>
<status status="PASS" starttime="20220620 14:26:03.197" endtime="20220620 14:26:08.481"/>
</kw>
<status status="PASS" starttime="20220620 14:26:03.196" endtime="20220620 14:26:08.481"/>
</kw>
<kw name="Verify Successful Login" library="LoginPageKeywords">
<kw name="Location Should Be" library="SeleniumLibrary">
<arg>https://opensource-demo.orangehrmlive.com/index.php/dashboard</arg>
<doc>Verifies that the current URL is exactly ``url``.</doc>
<msg timestamp="20220620 14:26:08.492" level="INFO">Current location is 'https://opensource-demo.orangehrmlive.com/index.php/dashboard'.</msg>
<status status="PASS" starttime="20220620 14:26:08.483" endtime="20220620 14:26:08.492"/>
</kw>
<kw name="Page Should Contain" library="SeleniumLibrary">
<arg>Welcome</arg>
<doc>Verifies that current page contains ``text``.</doc>
<msg timestamp="20220620 14:26:08.510" level="INFO">Current page contains text 'Welcome'.</msg>
<status status="PASS" starttime="20220620 14:26:08.492" endtime="20220620 14:26:08.511"/>
</kw>
<status status="PASS" starttime="20220620 14:26:08.483" endtime="20220620 14:26:08.511"/>
</kw>
<status status="PASS" starttime="20220620 14:26:02.424" endtime="20220620 14:26:08.512"/>
</test>
<status status="PASS" starttime="20220620 14:26:02.407" endtime="20220620 14:26:08.513"/>
</suite>
<kw name="Close My Browser" library="CommonKeywords" type="TEARDOWN">
<kw name="Close All Browsers" library="SeleniumLibrary">
<doc>Closes all open browsers and resets the browser cache.</doc>
<status status="PASS" starttime="20220620 14:26:08.515" endtime="20220620 14:26:10.997"/>
</kw>
<status status="PASS" starttime="20220620 14:26:08.515" endtime="20220620 14:26:10.997"/>
</kw>
<status status="FAIL" starttime="20220620 14:24:24.802" endtime="20220620 14:26:10.997"/>
</suite>
<status status="FAIL" starttime="20220620 14:24:24.798" endtime="20220620 14:26:11.001"/>
</suite>
<status status="FAIL" starttime="20220620 14:24:24.769" endtime="20220620 14:26:11.003"/>
</suite>
<statistics>
<total>
<stat pass="7" fail="4" skip="0">All Tests</stat>
</total>
<tag>
</tag>
<suite>
<stat pass="7" fail="4" skip="0" id="s1" name="OrangeHRM">OrangeHRM</stat>
<stat pass="7" fail="4" skip="0" id="s1-s1" name="TestCases">OrangeHRM.TestCases</stat>
<stat pass="7" fail="4" skip="0" id="s1-s1-s1" name="Login">OrangeHRM.TestCases.Login</stat>
<stat pass="1" fail="1" skip="0" id="s1-s1-s1-s1" name="VerifyItems">OrangeHRM.TestCases.Login.VerifyItems</stat>
<stat pass="5" fail="3" skip="0" id="s1-s1-s1-s2" name="InvalidLogin">OrangeHRM.TestCases.Login.InvalidLogin</stat>
<stat pass="1" fail="0" skip="0" id="s1-s1-s1-s3" name="ValidLogin">OrangeHRM.TestCases.Login.ValidLogin</stat>
</suite>
</statistics>
<errors>
</errors>
</robot>
