<?xml version="1.0" encoding="UTF-8"?>
<robot generator="Robot 5.0.1 (Python 3.10.5 on win32)" generated="20220617 16:04:41.224" rpa="false" schemaversion="3">
<suite id="s1" name="OrangeHRM" source="D:\Nam\OrangeHRM">
<suite id="s1-s1" name="TestCases" source="D:\Nam\OrangeHRM\TestCases">
<suite id="s1-s1-s1" name="Login" source="D:\Nam\OrangeHRM\TestCases\Login">
<kw name="Open My Browser" library="CommonKeywords" type="SETUP">
<arg>${url}</arg>
<arg>${browser}</arg>
<kw name="Open Browser" library="SeleniumLibrary">
<arg>${url}</arg>
<arg>${browser}</arg>
<doc>Opens a new browser instance to the optional ``url``.</doc>
<msg timestamp="20220617 16:04:41.534" level="INFO">Opening browser 'chrome' to base url 'https://opensource-demo.orangehrmlive.com/'.</msg>
<status status="PASS" starttime="20220617 16:04:41.534" endtime="20220617 16:04:48.012"/>
</kw>
<kw name="Maximize Browser Window" library="SeleniumLibrary">
<doc>Maximizes current browser window.</doc>
<status status="PASS" starttime="20220617 16:04:48.012" endtime="20220617 16:04:48.137"/>
</kw>
<kw name="Set Browser Implicit Wait" library="SeleniumLibrary">
<arg>15</arg>
<doc>Sets the implicit wait value used by Selenium.</doc>
<status status="PASS" starttime="20220617 16:04:48.137" endtime="20220617 16:04:48.138"/>
</kw>
<status status="PASS" starttime="20220617 16:04:41.533" endtime="20220617 16:04:48.139"/>
</kw>
<suite id="s1-s1-s1-s1" name="VerifyItems" source="D:\Nam\OrangeHRM\TestCases\Login\1__VerifyItems.robot">
<test id="s1-s1-s1-s1-t1" name="HO-21: Verify that all items in login page display correctly" line="6">
<kw name="Go To Login Page" library="LoginPageKeywords">
<kw name="Go To" library="SeleniumLibrary">
<arg>https://opensource-demo.orangehrmlive.com/</arg>
<doc>Navigates the current browser window to the provided ``url``.</doc>
<msg timestamp="20220617 16:04:48.169" level="INFO">Opening url 'https://opensource-demo.orangehrmlive.com/'</msg>
<status status="PASS" starttime="20220617 16:04:48.169" endtime="20220617 16:04:48.872"/>
</kw>
<kw name="Title Should Be" library="SeleniumLibrary">
<arg>OrangeHRM</arg>
<doc>Verifies that the current page title equals ``title``.</doc>
<msg timestamp="20220617 16:04:48.880" level="INFO">Page title is 'OrangeHRM'.</msg>
<status status="PASS" starttime="20220617 16:04:48.872" endtime="20220617 16:04:48.881"/>
</kw>
<status status="PASS" starttime="20220617 16:04:48.169" endtime="20220617 16:04:48.881"/>
</kw>
<kw name="Verify All Items Should Be Visible" library="LoginPageKeywords">
<kw name="Element Should Be Visible" library="SeleniumLibrary">
<arg>${logo_orangeHRM}</arg>
<doc>Verifies that the element identified by ``locator`` is visible.</doc>
<msg timestamp="20220617 16:04:48.913" level="INFO">Element 'xpath://div[@id='divLogo']//img' is displayed.</msg>
<status status="PASS" starttime="20220617 16:04:48.881" endtime="20220617 16:04:48.913"/>
</kw>
<kw name="Element Should Be Visible" library="SeleniumLibrary">
<arg>${txt_account}</arg>
<doc>Verifies that the element identified by ``locator`` is visible.</doc>
<msg timestamp="20220617 16:04:48.939" level="INFO">Element 'xpath://span[contains(text(),'( Username : Admin | Password : admin123 )')]' is displayed.</msg>
<status status="PASS" starttime="20220617 16:04:48.913" endtime="20220617 16:04:48.939"/>
</kw>
<kw name="Get Text" library="SeleniumLibrary">
<var>${text_account}</var>
<arg>${txt_account}</arg>
<doc>Returns the text value of the element identified by ``locator``.</doc>
<msg timestamp="20220617 16:04:48.958" level="INFO">${text_account} = ( Username : Admin | Password : admin123 )</msg>
<status status="PASS" starttime="20220617 16:04:48.939" endtime="20220617 16:04:48.958"/>
</kw>
<kw name="Should Be Equal" library="BuiltIn">
<arg>${text_account}</arg>
<arg>( Username : Admin | Password : admin123 )</arg>
<doc>Fails if the given objects are unequal.</doc>
<status status="PASS" starttime="20220617 16:04:48.958" endtime="20220617 16:04:48.958"/>
</kw>
<kw name="Get CSS Value" library="CommonKeywords">
<var>${attribute_account}</var>
<arg>${txt_account}</arg>
<arg>color</arg>
<kw name="Get WebElement" library="SeleniumLibrary">
<var>${css}</var>
<arg>${locator}</arg>
<doc>Returns the first WebElement matching the given ``locator``.</doc>
<msg timestamp="20220617 16:04:48.965" level="INFO">${css} = &lt;selenium.webdriver.remote.webelement.WebElement (session="a666a4e6841ca29e8b80ef121c7dc187", element="8ea0a3bf-ad77-4aa5-b97e-3f56d2631fe8")&gt;</msg>
<status status="PASS" starttime="20220617 16:04:48.959" endtime="20220617 16:04:48.965"/>
</kw>
<kw name="Call Method" library="BuiltIn">
<var>${css_value}</var>
<arg>${css}</arg>
<arg>value_of_css_property</arg>
<arg>${css_property}</arg>
<doc>Calls the named method of the given object with the provided arguments.</doc>
<msg timestamp="20220617 16:04:48.975" level="INFO">${css_value} = rgba(255, 0, 0, 1)</msg>
<status status="PASS" starttime="20220617 16:04:48.965" endtime="20220617 16:04:48.975"/>
</kw>
<msg timestamp="20220617 16:04:48.975" level="INFO">${attribute_account} = rgba(255, 0, 0, 1)</msg>
<status status="PASS" starttime="20220617 16:04:48.958" endtime="20220617 16:04:48.975"/>
</kw>
<kw name="Transform RGBA To HEX" library="MyLibrary">
<var>${color_hex}</var>
<arg>${attribute_account}</arg>
<msg timestamp="20220617 16:04:48.976" level="INFO">${color_hex} = #ff0000</msg>
<status status="PASS" starttime="20220617 16:04:48.975" endtime="20220617 16:04:48.976"/>
</kw>
<kw name="Should Be Equal" library="BuiltIn">
<arg>${color_hex}</arg>
<arg>\#ff0000</arg>
<doc>Fails if the given objects are unequal.</doc>
<status status="PASS" starttime="20220617 16:04:48.976" endtime="20220617 16:04:48.976"/>
</kw>
<kw name="Element Should Be Visible" library="SeleniumLibrary">
<arg>${logo_hrForAll_1}</arg>
<doc>Verifies that the element identified by ``locator`` is visible.</doc>
<msg timestamp="20220617 16:04:48.996" level="INFO">Element 'xpath://*[name()='circle' and contains(@fill,'url(#g)')]' is displayed.</msg>
<status status="PASS" starttime="20220617 16:04:48.976" endtime="20220617 16:04:48.996"/>
</kw>
<kw name="Element Should Be Visible" library="SeleniumLibrary">
<arg>${logo_hrForAll_2}</arg>
<doc>Verifies that the element identified by ``locator`` is visible.</doc>
<msg timestamp="20220617 16:04:49.015" level="INFO">Element 'xpath://*[name()='image' and contains(@overflow,'visible')]' is displayed.</msg>
<status status="PASS" starttime="20220617 16:04:48.996" endtime="20220617 16:04:49.015"/>
</kw>
<kw name="Element Should Be Visible" library="SeleniumLibrary">
<arg>${logo_hrForAll_3}</arg>
<doc>Verifies that the element identified by ``locator`` is visible.</doc>
<msg timestamp="20220617 16:04:49.034" level="INFO">Element 'xpath://*[name()='circle' and contains(@fill,'url(#f)')]' is displayed.</msg>
<status status="PASS" starttime="20220617 16:04:49.015" endtime="20220617 16:04:49.034"/>
</kw>
<kw name="Element Should Be Visible" library="SeleniumLibrary">
<arg>${txt_loginPanel}</arg>
<doc>Verifies that the element identified by ``locator`` is visible.</doc>
<msg timestamp="20220617 16:04:49.054" level="INFO">Element 'id:logInPanelHeading' is displayed.</msg>
<status status="PASS" starttime="20220617 16:04:49.034" endtime="20220617 16:04:49.054"/>
</kw>
<kw name="Get Text" library="SeleniumLibrary">
<var>${text_loginPanel}</var>
<arg>${txt_loginPanel}</arg>
<doc>Returns the text value of the element identified by ``locator``.</doc>
<msg timestamp="20220617 16:04:49.073" level="INFO">${text_loginPanel} = LOGIN Panel</msg>
<status status="PASS" starttime="20220617 16:04:49.054" endtime="20220617 16:04:49.073"/>
</kw>
<kw name="Should Be Equal" library="BuiltIn">
<arg>${text_loginPanel}</arg>
<arg>LOGIN Panel</arg>
<doc>Fails if the given objects are unequal.</doc>
<status status="PASS" starttime="20220617 16:04:49.073" endtime="20220617 16:04:49.073"/>
</kw>
<kw name="Get CSS Value" library="CommonKeywords">
<var>${attribute_loginPanel}</var>
<arg>${txt_loginPanel}</arg>
<arg>color</arg>
<kw name="Get WebElement" library="SeleniumLibrary">
<var>${css}</var>
<arg>${locator}</arg>
<doc>Returns the first WebElement matching the given ``locator``.</doc>
<msg timestamp="20220617 16:04:49.080" level="INFO">${css} = &lt;selenium.webdriver.remote.webelement.WebElement (session="a666a4e6841ca29e8b80ef121c7dc187", element="81e15951-6bfd-4c25-90d0-c5cc08a6a54b")&gt;</msg>
<status status="PASS" starttime="20220617 16:04:49.074" endtime="20220617 16:04:49.081"/>
</kw>
<kw name="Call Method" library="BuiltIn">
<var>${css_value}</var>
<arg>${css}</arg>
<arg>value_of_css_property</arg>
<arg>${css_property}</arg>
<doc>Calls the named method of the given object with the provided arguments.</doc>
<msg timestamp="20220617 16:04:49.090" level="INFO">${css_value} = rgba(0, 0, 0, 1)</msg>
<status status="PASS" starttime="20220617 16:04:49.081" endtime="20220617 16:04:49.090"/>
</kw>
<msg timestamp="20220617 16:04:49.090" level="INFO">${attribute_loginPanel} = rgba(0, 0, 0, 1)</msg>
<status status="PASS" starttime="20220617 16:04:49.073" endtime="20220617 16:04:49.090"/>
</kw>
<kw name="Transform RGBA To HEX" library="MyLibrary">
<var>${color_hex}</var>
<arg>${attribute_loginPanel}</arg>
<msg timestamp="20220617 16:04:49.091" level="INFO">${color_hex} = #000000</msg>
<status status="PASS" starttime="20220617 16:04:49.091" endtime="20220617 16:04:49.091"/>
</kw>
<kw name="Should Be Equal" library="BuiltIn">
<arg>${color_hex}</arg>
<arg>\#000000</arg>
<doc>Fails if the given objects are unequal.</doc>
<status status="PASS" starttime="20220617 16:04:49.091" endtime="20220617 16:04:49.091"/>
</kw>
<kw name="Element Should Be Visible" library="SeleniumLibrary">
<arg>${background_txt_loginPanel}</arg>
<doc>Verifies that the element identified by ``locator`` is visible.</doc>
<msg timestamp="20220617 16:04:49.110" level="INFO">Element 'xpath://*[name()='path' and contains(@fill,'url(#d)')]' is displayed.</msg>
<status status="PASS" starttime="20220617 16:04:49.091" endtime="20220617 16:04:49.110"/>
</kw>
<kw name="Element Should Be Visible" library="SeleniumLibrary">
<arg>${txt_username}</arg>
<doc>Verifies that the element identified by ``locator`` is visible.</doc>
<msg timestamp="20220617 16:04:49.129" level="INFO">Element 'id:txtUsername' is displayed.</msg>
<status status="PASS" starttime="20220617 16:04:49.110" endtime="20220617 16:04:49.129"/>
</kw>
<kw name="Get Text" library="SeleniumLibrary">
<var>${text_hint_username}</var>
<arg>${txt_hint_username}</arg>
<doc>Returns the text value of the element identified by ``locator``.</doc>
<msg timestamp="20220617 16:04:49.151" level="INFO">${text_hint_username} = Username</msg>
<status status="PASS" starttime="20220617 16:04:49.129" endtime="20220617 16:04:49.151"/>
</kw>
<kw name="Should Be Equal" library="BuiltIn">
<arg>${text_hint_username}</arg>
<arg>Username</arg>
<doc>Fails if the given objects are unequal.</doc>
<status status="PASS" starttime="20220617 16:04:49.151" endtime="20220617 16:04:49.151"/>
</kw>
<kw name="Element Should Be Visible" library="SeleniumLibrary">
<arg>${icon_person}</arg>
<doc>Verifies that the element identified by ``locator`` is visible.</doc>
<msg timestamp="20220617 16:04:49.171" level="INFO">Element 'xpath://*[name()='g' and contains(@fill,'gray')]' is displayed.</msg>
<status status="PASS" starttime="20220617 16:04:49.151" endtime="20220617 16:04:49.171"/>
</kw>
<kw name="Element Should Be Visible" library="SeleniumLibrary">
<arg>${txt_password}</arg>
<doc>Verifies that the element identified by ``locator`` is visible.</doc>
<msg timestamp="20220617 16:04:49.191" level="INFO">Element 'id:txtPassword' is displayed.</msg>
<status status="PASS" starttime="20220617 16:04:49.171" endtime="20220617 16:04:49.191"/>
</kw>
<kw name="Get Text" library="SeleniumLibrary">
<var>${text_hint_password}</var>
<arg>${txt_hint_password}</arg>
<doc>Returns the text value of the element identified by ``locator``.</doc>
<msg timestamp="20220617 16:04:49.212" level="INFO">${text_hint_password} = Password</msg>
<status status="PASS" starttime="20220617 16:04:49.191" endtime="20220617 16:04:49.212"/>
</kw>
<kw name="Should Be Equal" library="BuiltIn">
<arg>${text_hint_password}</arg>
<arg>Password</arg>
<doc>Fails if the given objects are unequal.</doc>
<status status="PASS" starttime="20220617 16:04:49.212" endtime="20220617 16:04:49.212"/>
</kw>
<kw name="Element Should Be Visible" library="SeleniumLibrary">
<arg>${icon_password}</arg>
<doc>Verifies that the element identified by ``locator`` is visible.</doc>
<msg timestamp="20220617 16:04:49.232" level="INFO">Element 'xpath://*[name()='path' and contains(@fill,'gray')]' is displayed.</msg>
<status status="PASS" starttime="20220617 16:04:49.212" endtime="20220617 16:04:49.232"/>
</kw>
<kw name="Element Should Be Visible" library="SeleniumLibrary">
<arg>${btn_login}</arg>
<doc>Verifies that the element identified by ``locator`` is visible.</doc>
<msg timestamp="20220617 16:04:49.251" level="INFO">Element 'id:btnLogin' is displayed.</msg>
<status status="PASS" starttime="20220617 16:04:49.232" endtime="20220617 16:04:49.251"/>
</kw>
<kw name="Get Value" library="SeleniumLibrary">
<var>${text_btn_login}</var>
<arg>${btn_login}</arg>
<doc>Returns the value attribute of the element identified by ``locator``.</doc>
<msg timestamp="20220617 16:04:49.269" level="INFO">${text_btn_login} = LOGIN</msg>
<status status="PASS" starttime="20220617 16:04:49.251" endtime="20220617 16:04:49.269"/>
</kw>
<kw name="Should Be Equal" library="BuiltIn">
<arg>${text_btn_login}</arg>
<arg>LOGIN</arg>
<doc>Fails if the given objects are unequal.</doc>
<status status="PASS" starttime="20220617 16:04:49.269" endtime="20220617 16:04:49.270"/>
</kw>
<kw name="Get CSS Value" library="CommonKeywords">
<var>${attribute_btn_login}</var>
<arg>${btn_login}</arg>
<arg>color</arg>
<kw name="Get WebElement" library="SeleniumLibrary">
<var>${css}</var>
<arg>${locator}</arg>
<doc>Returns the first WebElement matching the given ``locator``.</doc>
<msg timestamp="20220617 16:04:49.279" level="INFO">${css} = &lt;selenium.webdriver.remote.webelement.WebElement (session="a666a4e6841ca29e8b80ef121c7dc187", element="a1d7d701-ee48-44ba-8582-52ba24d6592e")&gt;</msg>
<status status="PASS" starttime="20220617 16:04:49.270" endtime="20220617 16:04:49.279"/>
</kw>
<kw name="Call Method" library="BuiltIn">
<var>${css_value}</var>
<arg>${css}</arg>
<arg>value_of_css_property</arg>
<arg>${css_property}</arg>
<doc>Calls the named method of the given object with the provided arguments.</doc>
<msg timestamp="20220617 16:04:49.287" level="INFO">${css_value} = rgba(255, 255, 255, 1)</msg>
<status status="PASS" starttime="20220617 16:04:49.279" endtime="20220617 16:04:49.287"/>
</kw>
<msg timestamp="20220617 16:04:49.288" level="INFO">${attribute_btn_login} = rgba(255, 255, 255, 1)</msg>
<status status="PASS" starttime="20220617 16:04:49.270" endtime="20220617 16:04:49.288"/>
</kw>
<kw name="Transform RGBA To HEX" library="MyLibrary">
<var>${color_hex}</var>
<arg>${attribute_btn_login}</arg>
<msg timestamp="20220617 16:04:49.288" level="INFO">${color_hex} = #ffffff</msg>
<status status="PASS" starttime="20220617 16:04:49.288" endtime="20220617 16:04:49.288"/>
</kw>
<kw name="Should Be Equal" library="BuiltIn">
<arg>${color_hex}</arg>
<arg>\#ffffff</arg>
<doc>Fails if the given objects are unequal.</doc>
<status status="PASS" starttime="20220617 16:04:49.288" endtime="20220617 16:04:49.288"/>
</kw>
<kw name="Element Should Be Visible" library="SeleniumLibrary">
<arg>${background_btn_login}</arg>
<doc>Verifies that the element identified by ``locator`` is visible.</doc>
<msg timestamp="20220617 16:04:49.308" level="INFO">Element 'xpath://*[name()='path' and contains(@fill,'url(#l)')]' is displayed.</msg>
<status status="PASS" starttime="20220617 16:04:49.288" endtime="20220617 16:04:49.308"/>
</kw>
<kw name="Element Should Be Visible" library="SeleniumLibrary">
<arg>${link_forgotPassword}</arg>
<doc>Verifies that the element identified by ``locator`` is visible.</doc>
<msg timestamp="20220617 16:04:49.328" level="INFO">Element 'xpath://a[contains(text(),'Forgot your password?')]' is displayed.</msg>
<status status="PASS" starttime="20220617 16:04:49.308" endtime="20220617 16:04:49.328"/>
</kw>
<kw name="Get Text" library="SeleniumLibrary">
<var>${text_forgotPassword}</var>
<arg>${link_forgotPassword}</arg>
<doc>Returns the text value of the element identified by ``locator``.</doc>
<msg timestamp="20220617 16:04:49.353" level="INFO">${text_forgotPassword} = Forgot your password?</msg>
<status status="PASS" starttime="20220617 16:04:49.329" endtime="20220617 16:04:49.353"/>
</kw>
<kw name="Should Be Equal" library="BuiltIn">
<arg>${text_forgotPassword}</arg>
<arg>Forgot your password?</arg>
<doc>Fails if the given objects are unequal.</doc>
<status status="PASS" starttime="20220617 16:04:49.353" endtime="20220617 16:04:49.353"/>
</kw>
<kw name="Get CSS Value" library="CommonKeywords">
<var>${text_decoration_link_forgotPassword}</var>
<arg>${link_forgotPassword}</arg>
<arg>text-decoration</arg>
<kw name="Get WebElement" library="SeleniumLibrary">
<var>${css}</var>
<arg>${locator}</arg>
<doc>Returns the first WebElement matching the given ``locator``.</doc>
<msg timestamp="20220617 16:04:49.363" level="INFO">${css} = &lt;selenium.webdriver.remote.webelement.WebElement (session="a666a4e6841ca29e8b80ef121c7dc187", element="cbf1a6ff-b615-45b1-89f8-54655ded79cb")&gt;</msg>
<status status="PASS" starttime="20220617 16:04:49.354" endtime="20220617 16:04:49.363"/>
</kw>
<kw name="Call Method" library="BuiltIn">
<var>${css_value}</var>
<arg>${css}</arg>
<arg>value_of_css_property</arg>
<arg>${css_property}</arg>
<doc>Calls the named method of the given object with the provided arguments.</doc>
<msg timestamp="20220617 16:04:49.371" level="INFO">${css_value} = underline solid rgb(93, 93, 93)</msg>
<status status="PASS" starttime="20220617 16:04:49.364" endtime="20220617 16:04:49.371"/>
</kw>
<msg timestamp="20220617 16:04:49.372" level="INFO">${text_decoration_link_forgotPassword} = underline solid rgb(93, 93, 93)</msg>
<status status="PASS" starttime="20220617 16:04:49.353" endtime="20220617 16:04:49.372"/>
</kw>
<kw name="Should Contain" library="BuiltIn">
<arg>${text_decoration_link_forgotPassword}</arg>
<arg>underline</arg>
<doc>Fails if ``container`` does not contain ``item`` one or more times.</doc>
<status status="PASS" starttime="20220617 16:04:49.372" endtime="20220617 16:04:49.372"/>
</kw>
<kw name="Element Should Be Visible" library="SeleniumLibrary">
<arg>${txt_footer}</arg>
<doc>Verifies that the element identified by ``locator`` is visible.</doc>
<msg timestamp="20220617 16:04:49.391" level="INFO">Element 'xpath://div[contains(text(),'OrangeHRM 4.10.1')]' is displayed.</msg>
<status status="PASS" starttime="20220617 16:04:49.372" endtime="20220617 16:04:49.391"/>
</kw>
<kw name="Get Text" library="SeleniumLibrary">
<var>${text_footer}</var>
<arg>${txt_footer}</arg>
<doc>Returns the text value of the element identified by ``locator``.</doc>
<msg timestamp="20220617 16:04:49.408" level="INFO">${text_footer} = OrangeHRM 4.10.1
© 2005 - 2022 OrangeHRM, Inc. All rights reserved.</msg>
<status status="PASS" starttime="20220617 16:04:49.391" endtime="20220617 16:04:49.409"/>
</kw>
<kw name="Should Be Equal" library="BuiltIn">
<arg>${text_footer}</arg>
<arg>OrangeHRM 4.10.1\n© 2005 - 2022 OrangeHRM, Inc. All rights reserved.</arg>
<doc>Fails if the given objects are unequal.</doc>
<status status="PASS" starttime="20220617 16:04:49.409" endtime="20220617 16:04:49.409"/>
</kw>
<kw name="Get CSS Value" library="CommonKeywords">
<var>${text_decoration_link_footer}</var>
<arg>${link_footer}</arg>
<arg>text-decoration</arg>
<kw name="Get WebElement" library="SeleniumLibrary">
<var>${css}</var>
<arg>${locator}</arg>
<doc>Returns the first WebElement matching the given ``locator``.</doc>
<msg timestamp="20220617 16:04:49.419" level="INFO">${css} = &lt;selenium.webdriver.remote.webelement.WebElement (session="a666a4e6841ca29e8b80ef121c7dc187", element="f47b20cd-aad2-436f-895a-347c5289b6a5")&gt;</msg>
<status status="PASS" starttime="20220617 16:04:49.409" endtime="20220617 16:04:49.419"/>
</kw>
<kw name="Call Method" library="BuiltIn">
<var>${css_value}</var>
<arg>${css}</arg>
<arg>value_of_css_property</arg>
<arg>${css_property}</arg>
<doc>Calls the named method of the given object with the provided arguments.</doc>
<msg timestamp="20220617 16:04:49.428" level="INFO">${css_value} = underline solid rgb(93, 93, 93)</msg>
<status status="PASS" starttime="20220617 16:04:49.419" endtime="20220617 16:04:49.428"/>
</kw>
<msg timestamp="20220617 16:04:49.429" level="INFO">${text_decoration_link_footer} = underline solid rgb(93, 93, 93)</msg>
<status status="PASS" starttime="20220617 16:04:49.409" endtime="20220617 16:04:49.429"/>
</kw>
<kw name="Should Contain" library="BuiltIn">
<arg>${text_decoration_link_footer}</arg>
<arg>underline</arg>
<doc>Fails if ``container`` does not contain ``item`` one or more times.</doc>
<status status="PASS" starttime="20220617 16:04:49.429" endtime="20220617 16:04:49.429"/>
</kw>
<kw name="Element Should Be Visible" library="SeleniumLibrary">
<arg>${btn_linkedin}</arg>
<doc>Verifies that the element identified by ``locator`` is visible.</doc>
<msg timestamp="20220617 16:04:49.449" level="INFO">Element 'xpath://a[1]//img[1]' is displayed.</msg>
<status status="PASS" starttime="20220617 16:04:49.429" endtime="20220617 16:04:49.449"/>
</kw>
<kw name="Element Should Be Visible" library="SeleniumLibrary">
<arg>${btn_facebook}</arg>
<doc>Verifies that the element identified by ``locator`` is visible.</doc>
<msg timestamp="20220617 16:04:49.468" level="INFO">Element 'xpath://a[2]//img[1]' is displayed.</msg>
<status status="PASS" starttime="20220617 16:04:49.449" endtime="20220617 16:04:49.468"/>
</kw>
<kw name="Element Should Be Visible" library="SeleniumLibrary">
<arg>${btn_twitter}</arg>
<doc>Verifies that the element identified by ``locator`` is visible.</doc>
<msg timestamp="20220617 16:04:49.487" level="INFO">Element 'xpath://a[3]//img[1]' is displayed.</msg>
<status status="PASS" starttime="20220617 16:04:49.468" endtime="20220617 16:04:49.487"/>
</kw>
<kw name="Element Should Be Visible" library="SeleniumLibrary">
<arg>${btn_youtube}</arg>
<doc>Verifies that the element identified by ``locator`` is visible.</doc>
<msg timestamp="20220617 16:04:49.505" level="INFO">Element 'xpath://a[4]//img[1]' is displayed.</msg>
<status status="PASS" starttime="20220617 16:04:49.487" endtime="20220617 16:04:49.505"/>
</kw>
<status status="PASS" starttime="20220617 16:04:48.881" endtime="20220617 16:04:49.505"/>
</kw>
<kw name="Click On Username Box" library="LoginPageKeywords">
<kw name="Click Element" library="SeleniumLibrary">
<arg>${txt_username}</arg>
<doc>Click the element identified by ``locator``.</doc>
<msg timestamp="20220617 16:04:49.506" level="INFO">Clicking element 'id:txtUsername'.</msg>
<status status="PASS" starttime="20220617 16:04:49.506" endtime="20220617 16:04:49.549"/>
</kw>
<kw name="Element Should Not Be Visible" library="SeleniumLibrary">
<arg>${txt_hint_username}</arg>
<doc>Verifies that the element identified by ``locator`` is NOT visible.</doc>
<msg timestamp="20220617 16:04:49.566" level="INFO">Element 'xpath://span[@class='form-hint'][contains(text(),'Username')]' exists but is not displayed.</msg>
<status status="PASS" starttime="20220617 16:04:49.549" endtime="20220617 16:04:49.567"/>
</kw>
<kw name="Element Should Be Visible" library="SeleniumLibrary">
<arg>${txt_hint_password}</arg>
<doc>Verifies that the element identified by ``locator`` is visible.</doc>
<msg timestamp="20220617 16:04:49.758" level="INFO" html="true">&lt;/td&gt;&lt;/tr&gt;&lt;tr&gt;&lt;td colspan="3"&gt;&lt;a href="selenium-screenshot-2.png"&gt;&lt;img src="selenium-screenshot-2.png" width="800px"&gt;&lt;/a&gt;</msg>
<msg timestamp="20220617 16:04:49.758" level="FAIL">The element 'xpath://span[@class='form-hint'][contains(text(),'Password')]' should be visible, but it is not.</msg>
<status status="FAIL" starttime="20220617 16:04:49.567" endtime="20220617 16:04:49.761"/>
</kw>
<status status="FAIL" starttime="20220617 16:04:49.506" endtime="20220617 16:04:49.762"/>
</kw>
<kw name="Input Value Into The Username Box" library="LoginPageKeywords">
<arg>Admin</arg>
<status status="NOT RUN" starttime="20220617 16:04:49.763" endtime="20220617 16:04:49.763"/>
</kw>
<kw name="Delete Input Value And Click Outside The Username Box" library="LoginPageKeywords">
<status status="NOT RUN" starttime="20220617 16:04:49.764" endtime="20220617 16:04:49.764"/>
</kw>
<kw name="Click On Password Box" library="LoginPageKeywords">
<status status="NOT RUN" starttime="20220617 16:04:49.764" endtime="20220617 16:04:49.764"/>
</kw>
<kw name="Input Value Into The Password Box" library="LoginPageKeywords">
<arg>Admin</arg>
<status status="NOT RUN" starttime="20220617 16:04:49.765" endtime="20220617 16:04:49.765"/>
</kw>
<kw name="Delete Input Value And Click Outside The Password Box" library="LoginPageKeywords">
<status status="NOT RUN" starttime="20220617 16:04:49.765" endtime="20220617 16:04:49.765"/>
</kw>
<status status="FAIL" starttime="20220617 16:04:48.168" endtime="20220617 16:04:49.765">The element 'xpath://span[@class='form-hint'][contains(text(),'Password')]' should be visible, but it is not.</status>
</test>
<status status="FAIL" starttime="20220617 16:04:48.139" endtime="20220617 16:04:49.767"/>
</suite>
<suite id="s1-s1-s1-s2" name="VerifyLinks" source="D:\Nam\OrangeHRM\TestCases\Login\2__VerifyLinks.robot">
<test id="s1-s1-s1-s2-t1" name="HO-39: Verify that all links in login page work correctly" line="6">
<kw name="Go To Login Page" library="LoginPageKeywords">
<kw name="Go To" library="SeleniumLibrary">
<arg>https://opensource-demo.orangehrmlive.com/</arg>
<doc>Navigates the current browser window to the provided ``url``.</doc>
<msg timestamp="20220617 16:04:49.784" level="INFO">Opening url 'https://opensource-demo.orangehrmlive.com/'</msg>
<status status="PASS" starttime="20220617 16:04:49.784" endtime="20220617 16:04:50.461"/>
</kw>
<kw name="Title Should Be" library="SeleniumLibrary">
<arg>OrangeHRM</arg>
<doc>Verifies that the current page title equals ``title``.</doc>
<msg timestamp="20220617 16:04:50.466" level="INFO">Page title is 'OrangeHRM'.</msg>
<status status="PASS" starttime="20220617 16:04:50.461" endtime="20220617 16:04:50.466"/>
</kw>
<status status="PASS" starttime="20220617 16:04:49.784" endtime="20220617 16:04:50.466"/>
</kw>
<kw name="Verify Forgot Passwork Link" library="LoginPageKeywords">
<kw name="Click Element" library="SeleniumLibrary">
<arg>${link_forgotPassword}</arg>
<doc>Click the element identified by ``locator``.</doc>
<msg timestamp="20220617 16:04:50.467" level="INFO">Clicking element 'xpath://a[contains(text(),'Forgot your password?')]'.</msg>
<status status="PASS" starttime="20220617 16:04:50.467" endtime="20220617 16:04:52.157"/>
</kw>
<kw name="Location Should Be" library="SeleniumLibrary">
<arg>https://opensource-demo.orangehrmlive.com/index.php/auth/requestPasswordResetCode</arg>
<doc>Verifies that the current URL is exactly ``url``.</doc>
<msg timestamp="20220617 16:04:52.163" level="INFO">Current location is 'https://opensource-demo.orangehrmlive.com/index.php/auth/requestPasswordResetCode'.</msg>
<status status="PASS" starttime="20220617 16:04:52.157" endtime="20220617 16:04:52.163"/>
</kw>
<status status="PASS" starttime="20220617 16:04:50.467" endtime="20220617 16:04:52.163"/>
</kw>
<kw name="Go To Login Page" library="LoginPageKeywords">
<kw name="Go To" library="SeleniumLibrary">
<arg>https://opensource-demo.orangehrmlive.com/</arg>
<doc>Navigates the current browser window to the provided ``url``.</doc>
<msg timestamp="20220617 16:04:52.165" level="INFO">Opening url 'https://opensource-demo.orangehrmlive.com/'</msg>
<status status="PASS" starttime="20220617 16:04:52.164" endtime="20220617 16:04:53.063"/>
</kw>
<kw name="Title Should Be" library="SeleniumLibrary">
<arg>OrangeHRM</arg>
<doc>Verifies that the current page title equals ``title``.</doc>
<msg timestamp="20220617 16:04:53.068" level="INFO">Page title is 'OrangeHRM'.</msg>
<status status="PASS" starttime="20220617 16:04:53.063" endtime="20220617 16:04:53.068"/>
</kw>
<status status="PASS" starttime="20220617 16:04:52.164" endtime="20220617 16:04:53.068"/>
</kw>
<kw name="Verify OrangeHRM Link" library="LoginPageKeywords">
<kw name="Click Element" library="SeleniumLibrary">
<arg>${link_footer}</arg>
<doc>Click the element identified by ``locator``.</doc>
<msg timestamp="20220617 16:04:53.069" level="INFO">Clicking element 'xpath://a[contains(text(),'OrangeHRM, Inc')]'.</msg>
<status status="PASS" starttime="20220617 16:04:53.069" endtime="20220617 16:04:53.132"/>
</kw>
<kw name="Switch Window" library="SeleniumLibrary">
<arg>NEW</arg>
<doc>Switches to browser window matching ``locator``.</doc>
<status status="PASS" starttime="20220617 16:04:53.132" endtime="20220617 16:04:53.140"/>
</kw>
<kw name="Location Should Be" library="SeleniumLibrary">
<arg>https://www.orangehrm.com/</arg>
<doc>Verifies that the current URL is exactly ``url``.</doc>
<msg timestamp="20220617 16:05:19.044" level="INFO">Current location is 'https://www.orangehrm.com/'.</msg>
<status status="PASS" starttime="20220617 16:04:53.140" endtime="20220617 16:05:19.044"/>
</kw>
<status status="PASS" starttime="20220617 16:04:53.069" endtime="20220617 16:05:19.044"/>
</kw>
<kw name="Go To Login Page" library="LoginPageKeywords">
<kw name="Go To" library="SeleniumLibrary">
<arg>https://opensource-demo.orangehrmlive.com/</arg>
<doc>Navigates the current browser window to the provided ``url``.</doc>
<msg timestamp="20220617 16:05:19.045" level="INFO">Opening url 'https://opensource-demo.orangehrmlive.com/'</msg>
<status status="PASS" starttime="20220617 16:05:19.045" endtime="20220617 16:05:19.857"/>
</kw>
<kw name="Title Should Be" library="SeleniumLibrary">
<arg>OrangeHRM</arg>
<doc>Verifies that the current page title equals ``title``.</doc>
<msg timestamp="20220617 16:05:19.863" level="INFO">Page title is 'OrangeHRM'.</msg>
<status status="PASS" starttime="20220617 16:05:19.858" endtime="20220617 16:05:19.863"/>
</kw>
<status status="PASS" starttime="20220617 16:05:19.045" endtime="20220617 16:05:19.863"/>
</kw>
<kw name="Verify Linkedin Button" library="LoginPageKeywords">
<kw name="Click Element" library="SeleniumLibrary">
<arg>${btn_linkedin}</arg>
<doc>Click the element identified by ``locator``.</doc>
<msg timestamp="20220617 16:05:19.864" level="INFO">Clicking element 'xpath://a[1]//img[1]'.</msg>
<status status="PASS" starttime="20220617 16:05:19.864" endtime="20220617 16:05:19.935"/>
</kw>
<kw name="Switch Window" library="SeleniumLibrary">
<arg>NEW</arg>
<doc>Switches to browser window matching ``locator``.</doc>
<status status="PASS" starttime="20220617 16:05:19.936" endtime="20220617 16:05:19.944"/>
</kw>
<kw name="Location Should Be" library="SeleniumLibrary">
<arg>http://www.linkedin.com/groups?home=&amp;gid=891077</arg>
<doc>Verifies that the current URL is exactly ``url``.</doc>
<msg timestamp="20220617 16:05:41.169" level="INFO">Current location is 'http://www.linkedin.com/groups?home=&amp;gid=891077'.</msg>
<status status="PASS" starttime="20220617 16:05:19.944" endtime="20220617 16:05:41.169"/>
</kw>
<status status="PASS" starttime="20220617 16:05:19.863" endtime="20220617 16:05:41.169"/>
</kw>
<kw name="Go To Login Page" library="LoginPageKeywords">
<kw name="Go To" library="SeleniumLibrary">
<arg>https://opensource-demo.orangehrmlive.com/</arg>
<doc>Navigates the current browser window to the provided ``url``.</doc>
<msg timestamp="20220617 16:05:41.170" level="INFO">Opening url 'https://opensource-demo.orangehrmlive.com/'</msg>
<status status="PASS" starttime="20220617 16:05:41.170" endtime="20220617 16:05:42.207"/>
</kw>
<kw name="Title Should Be" library="SeleniumLibrary">
<arg>OrangeHRM</arg>
<doc>Verifies that the current page title equals ``title``.</doc>
<msg timestamp="20220617 16:05:42.234" level="INFO">Page title is 'OrangeHRM'.</msg>
<status status="PASS" starttime="20220617 16:05:42.207" endtime="20220617 16:05:42.234"/>
</kw>
<status status="PASS" starttime="20220617 16:05:41.169" endtime="20220617 16:05:42.234"/>
</kw>
<kw name="Verify Facebook Button" library="LoginPageKeywords">
<kw name="Click Element" library="SeleniumLibrary">
<arg>${btn_facebook}</arg>
<doc>Click the element identified by ``locator``.</doc>
<msg timestamp="20220617 16:05:42.235" level="INFO">Clicking element 'xpath://a[2]//img[1]'.</msg>
<status status="PASS" starttime="20220617 16:05:42.235" endtime="20220617 16:05:42.471"/>
</kw>
<kw name="Switch Window" library="SeleniumLibrary">
<arg>NEW</arg>
<doc>Switches to browser window matching ``locator``.</doc>
<status status="PASS" starttime="20220617 16:05:42.471" endtime="20220617 16:05:42.538"/>
</kw>
<kw name="Location Should Be" library="SeleniumLibrary">
<arg>https://www.facebook.com/OrangeHRM</arg>
<doc>Verifies that the current URL is exactly ``url``.</doc>
<msg timestamp="20220617 16:06:03.531" level="INFO">Current location is 'https://www.facebook.com/OrangeHRM'.</msg>
<status status="PASS" starttime="20220617 16:05:42.539" endtime="20220617 16:06:03.531"/>
</kw>
<status status="PASS" starttime="20220617 16:05:42.234" endtime="20220617 16:06:03.531"/>
</kw>
<kw name="Go To Login Page" library="LoginPageKeywords">
<kw name="Go To" library="SeleniumLibrary">
<arg>https://opensource-demo.orangehrmlive.com/</arg>
<doc>Navigates the current browser window to the provided ``url``.</doc>
<msg timestamp="20220617 16:06:03.533" level="INFO">Opening url 'https://opensource-demo.orangehrmlive.com/'</msg>
<status status="PASS" starttime="20220617 16:06:03.533" endtime="20220617 16:06:04.332"/>
</kw>
<kw name="Title Should Be" library="SeleniumLibrary">
<arg>OrangeHRM</arg>
<doc>Verifies that the current page title equals ``title``.</doc>
<msg timestamp="20220617 16:06:04.339" level="INFO">Page title is 'OrangeHRM'.</msg>
<status status="PASS" starttime="20220617 16:06:04.332" endtime="20220617 16:06:04.339"/>
</kw>
<status status="PASS" starttime="20220617 16:06:03.533" endtime="20220617 16:06:04.339"/>
</kw>
<kw name="Verify Twitter Button" library="LoginPageKeywords">
<kw name="Click Element" library="SeleniumLibrary">
<arg>${btn_twitter}</arg>
<doc>Click the element identified by ``locator``.</doc>
<msg timestamp="20220617 16:06:04.340" level="INFO">Clicking element 'xpath://a[3]//img[1]'.</msg>
<status status="PASS" starttime="20220617 16:06:04.340" endtime="20220617 16:06:04.416"/>
</kw>
<kw name="Switch Window" library="SeleniumLibrary">
<arg>NEW</arg>
<doc>Switches to browser window matching ``locator``.</doc>
<status status="PASS" starttime="20220617 16:06:04.416" endtime="20220617 16:06:04.425"/>
</kw>
<kw name="Location Should Be" library="SeleniumLibrary">
<arg>https://twitter.com/orangehrm</arg>
<doc>Verifies that the current URL is exactly ``url``.</doc>
<msg timestamp="20220617 16:06:04.728" level="INFO">Current location is 'https://twitter.com/orangehrm'.</msg>
<status status="PASS" starttime="20220617 16:06:04.425" endtime="20220617 16:06:04.728"/>
</kw>
<status status="PASS" starttime="20220617 16:06:04.340" endtime="20220617 16:06:04.728"/>
</kw>
<kw name="Go To Login Page" library="LoginPageKeywords">
<kw name="Go To" library="SeleniumLibrary">
<arg>https://opensource-demo.orangehrmlive.com/</arg>
<doc>Navigates the current browser window to the provided ``url``.</doc>
<msg timestamp="20220617 16:06:04.729" level="INFO">Opening url 'https://opensource-demo.orangehrmlive.com/'</msg>
<status status="PASS" starttime="20220617 16:06:04.729" endtime="20220617 16:06:05.528"/>
</kw>
<kw name="Title Should Be" library="SeleniumLibrary">
<arg>OrangeHRM</arg>
<doc>Verifies that the current page title equals ``title``.</doc>
<msg timestamp="20220617 16:06:05.538" level="INFO">Page title is 'OrangeHRM'.</msg>
<status status="PASS" starttime="20220617 16:06:05.528" endtime="20220617 16:06:05.538"/>
</kw>
<status status="PASS" starttime="20220617 16:06:04.728" endtime="20220617 16:06:05.538"/>
</kw>
<kw name="Verify Youtube Button" library="LoginPageKeywords">
<kw name="Click Element" library="SeleniumLibrary">
<arg>${btn_youtube}</arg>
<doc>Click the element identified by ``locator``.</doc>
<msg timestamp="20220617 16:06:05.539" level="INFO">Clicking element 'xpath://a[4]//img[1]'.</msg>
<status status="PASS" starttime="20220617 16:06:05.539" endtime="20220617 16:06:05.615"/>
</kw>
<kw name="Switch Window" library="SeleniumLibrary">
<arg>NEW</arg>
<doc>Switches to browser window matching ``locator``.</doc>
<status status="PASS" starttime="20220617 16:06:05.615" endtime="20220617 16:06:05.623"/>
</kw>
<kw name="Location Should Be" library="SeleniumLibrary">
<arg>https://www.youtube.com/orangehrm</arg>
<doc>Verifies that the current URL is exactly ``url``.</doc>
<msg timestamp="20220617 16:06:05.936" level="INFO">Current location is 'https://www.youtube.com/orangehrm'.</msg>
<status status="PASS" starttime="20220617 16:06:05.623" endtime="20220617 16:06:05.936"/>
</kw>
<status status="PASS" starttime="20220617 16:06:05.539" endtime="20220617 16:06:05.936"/>
</kw>
<status status="PASS" starttime="20220617 16:04:49.783" endtime="20220617 16:06:05.936"/>
</test>
<status status="PASS" starttime="20220617 16:04:49.769" endtime="20220617 16:06:05.938"/>
</suite>
<suite id="s1-s1-s1-s3" name="InvalidLogin" source="D:\Nam\OrangeHRM\TestCases\Login\3__InvalidLogin.robot">
<test id="s1-s1-s1-s3-t1" name="HO-27: Right username, wrong password" line="8">
<kw name="Invalid login">
<arg>Admin</arg>
<arg>admin</arg>
<arg>Either username or password is invalid</arg>
<kw name="Go To Login Page" library="LoginPageKeywords">
<kw name="Go To" library="SeleniumLibrary">
<arg>https://opensource-demo.orangehrmlive.com/</arg>
<doc>Navigates the current browser window to the provided ``url``.</doc>
<msg timestamp="20220617 16:06:05.992" level="INFO">Opening url 'https://opensource-demo.orangehrmlive.com/'</msg>
<status status="PASS" starttime="20220617 16:06:05.992" endtime="20220617 16:06:06.796"/>
</kw>
<kw name="Title Should Be" library="SeleniumLibrary">
<arg>OrangeHRM</arg>
<doc>Verifies that the current page title equals ``title``.</doc>
<msg timestamp="20220617 16:06:06.807" level="INFO">Page title is 'OrangeHRM'.</msg>
<status status="PASS" starttime="20220617 16:06:06.796" endtime="20220617 16:06:06.807"/>
</kw>
<status status="PASS" starttime="20220617 16:06:05.992" endtime="20220617 16:06:06.807"/>
</kw>
<kw name="Enter Username" library="LoginPageKeywords">
<arg>${username}</arg>
<kw name="Input Text" library="SeleniumLibrary">
<arg>${txt_username}</arg>
<arg>${username}</arg>
<doc>Types the given ``text`` into the text field identified by ``locator``.</doc>
<msg timestamp="20220617 16:06:06.808" level="INFO">Typing text 'Admin' into text field 'id:txtUsername'.</msg>
<status status="PASS" starttime="20220617 16:06:06.807" endtime="20220617 16:06:06.889"/>
</kw>
<status status="PASS" starttime="20220617 16:06:06.807" endtime="20220617 16:06:06.889"/>
</kw>
<kw name="Enter Password" library="LoginPageKeywords">
<arg>${password}</arg>
<kw name="Input Text" library="SeleniumLibrary">
<arg>${txt_password}</arg>
<arg>${password}</arg>
<doc>Types the given ``text`` into the text field identified by ``locator``.</doc>
<msg timestamp="20220617 16:06:06.890" level="INFO">Typing text 'admin' into text field 'id:txtPassword'.</msg>
<status status="PASS" starttime="20220617 16:06:06.889" endtime="20220617 16:06:06.965"/>
</kw>
<status status="PASS" starttime="20220617 16:06:06.889" endtime="20220617 16:06:06.965"/>
</kw>
<kw name="Click Login Button" library="LoginPageKeywords">
<kw name="Click Element" library="SeleniumLibrary">
<arg>${btn_login}</arg>
<doc>Click the element identified by ``locator``.</doc>
<msg timestamp="20220617 16:06:06.966" level="INFO">Clicking element 'id:btnLogin'.</msg>
<status status="PASS" starttime="20220617 16:06:06.966" endtime="20220617 16:06:08.902"/>
</kw>
<status status="PASS" starttime="20220617 16:06:06.966" endtime="20220617 16:06:08.902"/>
</kw>
<kw name="Verify Unsuccessful Login" library="LoginPageKeywords">
<arg>${error_message}</arg>
<kw name="Get Text" library="SeleniumLibrary">
<var>${message}</var>
<arg>${txt_errorMessage}</arg>
<doc>Returns the text value of the element identified by ``locator``.</doc>
<msg timestamp="20220617 16:06:08.925" level="INFO">${message} = Invalid credentials</msg>
<status status="PASS" starttime="20220617 16:06:08.903" endtime="20220617 16:06:08.925"/>
</kw>
<kw name="Should Be Equal" library="BuiltIn">
<arg>${message}</arg>
<arg>${error_message}</arg>
<doc>Fails if the given objects are unequal.</doc>
<msg timestamp="20220617 16:06:08.926" level="FAIL">Invalid credentials != Either username or password is invalid</msg>
<status status="FAIL" starttime="20220617 16:06:08.925" endtime="20220617 16:06:08.926"/>
</kw>
<status status="FAIL" starttime="20220617 16:06:08.903" endtime="20220617 16:06:08.926"/>
</kw>
<status status="FAIL" starttime="20220617 16:06:05.991" endtime="20220617 16:06:08.927"/>
</kw>
<status status="FAIL" starttime="20220617 16:06:05.989" endtime="20220617 16:06:08.928">Invalid credentials != Either username or password is invalid</status>
</test>
<test id="s1-s1-s1-s3-t2" name="HO-30: Right username, empty password" line="8">
<kw name="Invalid login">
<arg>Admin</arg>
<arg>${EMPTY}</arg>
<arg>Password cannot be empty</arg>
<kw name="Go To Login Page" library="LoginPageKeywords">
<kw name="Go To" library="SeleniumLibrary">
<arg>https://opensource-demo.orangehrmlive.com/</arg>
<doc>Navigates the current browser window to the provided ``url``.</doc>
<msg timestamp="20220617 16:06:08.932" level="INFO">Opening url 'https://opensource-demo.orangehrmlive.com/'</msg>
<status status="PASS" starttime="20220617 16:06:08.932" endtime="20220617 16:06:09.668"/>
</kw>
<kw name="Title Should Be" library="SeleniumLibrary">
<arg>OrangeHRM</arg>
<doc>Verifies that the current page title equals ``title``.</doc>
<msg timestamp="20220617 16:06:09.674" level="INFO">Page title is 'OrangeHRM'.</msg>
<status status="PASS" starttime="20220617 16:06:09.669" endtime="20220617 16:06:09.674"/>
</kw>
<status status="PASS" starttime="20220617 16:06:08.932" endtime="20220617 16:06:09.674"/>
</kw>
<kw name="Enter Username" library="LoginPageKeywords">
<arg>${username}</arg>
<kw name="Input Text" library="SeleniumLibrary">
<arg>${txt_username}</arg>
<arg>${username}</arg>
<doc>Types the given ``text`` into the text field identified by ``locator``.</doc>
<msg timestamp="20220617 16:06:09.675" level="INFO">Typing text 'Admin' into text field 'id:txtUsername'.</msg>
<status status="PASS" starttime="20220617 16:06:09.675" endtime="20220617 16:06:09.757"/>
</kw>
<status status="PASS" starttime="20220617 16:06:09.674" endtime="20220617 16:06:09.757"/>
</kw>
<kw name="Enter Password" library="LoginPageKeywords">
<arg>${password}</arg>
<kw name="Input Text" library="SeleniumLibrary">
<arg>${txt_password}</arg>
<arg>${password}</arg>
<doc>Types the given ``text`` into the text field identified by ``locator``.</doc>
<msg timestamp="20220617 16:06:09.758" level="INFO">Typing text '' into text field 'id:txtPassword'.</msg>
<status status="PASS" starttime="20220617 16:06:09.758" endtime="20220617 16:06:09.823"/>
</kw>
<status status="PASS" starttime="20220617 16:06:09.757" endtime="20220617 16:06:09.823"/>
</kw>
<kw name="Click Login Button" library="LoginPageKeywords">
<kw name="Click Element" library="SeleniumLibrary">
<arg>${btn_login}</arg>
<doc>Click the element identified by ``locator``.</doc>
<msg timestamp="20220617 16:06:09.824" level="INFO">Clicking element 'id:btnLogin'.</msg>
<status status="PASS" starttime="20220617 16:06:09.824" endtime="20220617 16:06:09.866"/>
</kw>
<status status="PASS" starttime="20220617 16:06:09.823" endtime="20220617 16:06:09.866"/>
</kw>
<kw name="Verify Unsuccessful Login" library="LoginPageKeywords">
<arg>${error_message}</arg>
<kw name="Get Text" library="SeleniumLibrary">
<var>${message}</var>
<arg>${txt_errorMessage}</arg>
<doc>Returns the text value of the element identified by ``locator``.</doc>
<msg timestamp="20220617 16:06:09.887" level="INFO">${message} = Password cannot be empty</msg>
<status status="PASS" starttime="20220617 16:06:09.867" endtime="20220617 16:06:09.887"/>
</kw>
<kw name="Should Be Equal" library="BuiltIn">
<arg>${message}</arg>
<arg>${error_message}</arg>
<doc>Fails if the given objects are unequal.</doc>
<status status="PASS" starttime="20220617 16:06:09.887" endtime="20220617 16:06:09.888"/>
</kw>
<status status="PASS" starttime="20220617 16:06:09.866" endtime="20220617 16:06:09.888"/>
</kw>
<status status="PASS" starttime="20220617 16:06:08.930" endtime="20220617 16:06:09.888"/>
</kw>
<status status="PASS" starttime="20220617 16:06:08.929" endtime="20220617 16:06:09.888"/>
</test>
<test id="s1-s1-s1-s3-t3" name="HO-32: Wrong username, right password" line="8">
<kw name="Invalid login">
<arg>Adm</arg>
<arg>admin123</arg>
<arg>Either username or password is invalid</arg>
<kw name="Go To Login Page" library="LoginPageKeywords">
<kw name="Go To" library="SeleniumLibrary">
<arg>https://opensource-demo.orangehrmlive.com/</arg>
<doc>Navigates the current browser window to the provided ``url``.</doc>
<msg timestamp="20220617 16:06:09.892" level="INFO">Opening url 'https://opensource-demo.orangehrmlive.com/'</msg>
<status status="PASS" starttime="20220617 16:06:09.892" endtime="20220617 16:06:10.615"/>
</kw>
<kw name="Title Should Be" library="SeleniumLibrary">
<arg>OrangeHRM</arg>
<doc>Verifies that the current page title equals ``title``.</doc>
<msg timestamp="20220617 16:06:10.621" level="INFO">Page title is 'OrangeHRM'.</msg>
<status status="PASS" starttime="20220617 16:06:10.615" endtime="20220617 16:06:10.621"/>
</kw>
<status status="PASS" starttime="20220617 16:06:09.892" endtime="20220617 16:06:10.622"/>
</kw>
<kw name="Enter Username" library="LoginPageKeywords">
<arg>${username}</arg>
<kw name="Input Text" library="SeleniumLibrary">
<arg>${txt_username}</arg>
<arg>${username}</arg>
<doc>Types the given ``text`` into the text field identified by ``locator``.</doc>
<msg timestamp="20220617 16:06:10.622" level="INFO">Typing text 'Adm' into text field 'id:txtUsername'.</msg>
<status status="PASS" starttime="20220617 16:06:10.622" endtime="20220617 16:06:10.696"/>
</kw>
<status status="PASS" starttime="20220617 16:06:10.622" endtime="20220617 16:06:10.696"/>
</kw>
<kw name="Enter Password" library="LoginPageKeywords">
<arg>${password}</arg>
<kw name="Input Text" library="SeleniumLibrary">
<arg>${txt_password}</arg>
<arg>${password}</arg>
<doc>Types the given ``text`` into the text field identified by ``locator``.</doc>
<msg timestamp="20220617 16:06:10.697" level="INFO">Typing text 'admin123' into text field 'id:txtPassword'.</msg>
<status status="PASS" starttime="20220617 16:06:10.696" endtime="20220617 16:06:10.767"/>
</kw>
<status status="PASS" starttime="20220617 16:06:10.696" endtime="20220617 16:06:10.767"/>
</kw>
<kw name="Click Login Button" library="LoginPageKeywords">
<kw name="Click Element" library="SeleniumLibrary">
<arg>${btn_login}</arg>
<doc>Click the element identified by ``locator``.</doc>
<msg timestamp="20220617 16:06:10.768" level="INFO">Clicking element 'id:btnLogin'.</msg>
<status status="PASS" starttime="20220617 16:06:10.768" endtime="20220617 16:06:12.000"/>
</kw>
<status status="PASS" starttime="20220617 16:06:10.768" endtime="20220617 16:06:12.000"/>
</kw>
<kw name="Verify Unsuccessful Login" library="LoginPageKeywords">
<arg>${error_message}</arg>
<kw name="Get Text" library="SeleniumLibrary">
<var>${message}</var>
<arg>${txt_errorMessage}</arg>
<doc>Returns the text value of the element identified by ``locator``.</doc>
<msg timestamp="20220617 16:06:12.027" level="INFO">${message} = Invalid credentials</msg>
<status status="PASS" starttime="20220617 16:06:12.001" endtime="20220617 16:06:12.027"/>
</kw>
<kw name="Should Be Equal" library="BuiltIn">
<arg>${message}</arg>
<arg>${error_message}</arg>
<doc>Fails if the given objects are unequal.</doc>
<msg timestamp="20220617 16:06:12.028" level="FAIL">Invalid credentials != Either username or password is invalid</msg>
<status status="FAIL" starttime="20220617 16:06:12.027" endtime="20220617 16:06:12.028"/>
</kw>
<status status="FAIL" starttime="20220617 16:06:12.000" endtime="20220617 16:06:12.028"/>
</kw>
<status status="FAIL" starttime="20220617 16:06:09.892" endtime="20220617 16:06:12.029"/>
</kw>
<status status="FAIL" starttime="20220617 16:06:09.890" endtime="20220617 16:06:12.030">Invalid credentials != Either username or password is invalid</status>
</test>
<test id="s1-s1-s1-s3-t4" name="HO-33: Wrong username, wrong password" line="8">
<kw name="Invalid login">
<arg>Adm</arg>
<arg>admin</arg>
<arg>Either username or password is invalid</arg>
<kw name="Go To Login Page" library="LoginPageKeywords">
<kw name="Go To" library="SeleniumLibrary">
<arg>https://opensource-demo.orangehrmlive.com/</arg>
<doc>Navigates the current browser window to the provided ``url``.</doc>
<msg timestamp="20220617 16:06:12.033" level="INFO">Opening url 'https://opensource-demo.orangehrmlive.com/'</msg>
<status status="PASS" starttime="20220617 16:06:12.033" endtime="20220617 16:06:12.779"/>
</kw>
<kw name="Title Should Be" library="SeleniumLibrary">
<arg>OrangeHRM</arg>
<doc>Verifies that the current page title equals ``title``.</doc>
<msg timestamp="20220617 16:06:12.784" level="INFO">Page title is 'OrangeHRM'.</msg>
<status status="PASS" starttime="20220617 16:06:12.779" endtime="20220617 16:06:12.784"/>
</kw>
<status status="PASS" starttime="20220617 16:06:12.033" endtime="20220617 16:06:12.784"/>
</kw>
<kw name="Enter Username" library="LoginPageKeywords">
<arg>${username}</arg>
<kw name="Input Text" library="SeleniumLibrary">
<arg>${txt_username}</arg>
<arg>${username}</arg>
<doc>Types the given ``text`` into the text field identified by ``locator``.</doc>
<msg timestamp="20220617 16:06:12.786" level="INFO">Typing text 'Adm' into text field 'id:txtUsername'.</msg>
<status status="PASS" starttime="20220617 16:06:12.785" endtime="20220617 16:06:12.861"/>
</kw>
<status status="PASS" starttime="20220617 16:06:12.784" endtime="20220617 16:06:12.861"/>
</kw>
<kw name="Enter Password" library="LoginPageKeywords">
<arg>${password}</arg>
<kw name="Input Text" library="SeleniumLibrary">
<arg>${txt_password}</arg>
<arg>${password}</arg>
<doc>Types the given ``text`` into the text field identified by ``locator``.</doc>
<msg timestamp="20220617 16:06:12.862" level="INFO">Typing text 'admin' into text field 'id:txtPassword'.</msg>
<status status="PASS" starttime="20220617 16:06:12.861" endtime="20220617 16:06:12.934"/>
</kw>
<status status="PASS" starttime="20220617 16:06:12.861" endtime="20220617 16:06:12.934"/>
</kw>
<kw name="Click Login Button" library="LoginPageKeywords">
<kw name="Click Element" library="SeleniumLibrary">
<arg>${btn_login}</arg>
<doc>Click the element identified by ``locator``.</doc>
<msg timestamp="20220617 16:06:12.935" level="INFO">Clicking element 'id:btnLogin'.</msg>
<status status="PASS" starttime="20220617 16:06:12.935" endtime="20220617 16:06:14.209"/>
</kw>
<status status="PASS" starttime="20220617 16:06:12.935" endtime="20220617 16:06:14.209"/>
</kw>
<kw name="Verify Unsuccessful Login" library="LoginPageKeywords">
<arg>${error_message}</arg>
<kw name="Get Text" library="SeleniumLibrary">
<var>${message}</var>
<arg>${txt_errorMessage}</arg>
<doc>Returns the text value of the element identified by ``locator``.</doc>
<msg timestamp="20220617 16:06:14.231" level="INFO">${message} = Invalid credentials</msg>
<status status="PASS" starttime="20220617 16:06:14.210" endtime="20220617 16:06:14.231"/>
</kw>
<kw name="Should Be Equal" library="BuiltIn">
<arg>${message}</arg>
<arg>${error_message}</arg>
<doc>Fails if the given objects are unequal.</doc>
<msg timestamp="20220617 16:06:14.232" level="FAIL">Invalid credentials != Either username or password is invalid</msg>
<status status="FAIL" starttime="20220617 16:06:14.231" endtime="20220617 16:06:14.232"/>
</kw>
<status status="FAIL" starttime="20220617 16:06:14.209" endtime="20220617 16:06:14.232"/>
</kw>
<status status="FAIL" starttime="20220617 16:06:12.032" endtime="20220617 16:06:14.233"/>
</kw>
<status status="FAIL" starttime="20220617 16:06:12.031" endtime="20220617 16:06:14.234">Invalid credentials != Either username or password is invalid</status>
</test>
<test id="s1-s1-s1-s3-t5" name="HO-34: Wrong username, empty password" line="8">
<kw name="Invalid login">
<arg>Adm</arg>
<arg>${EMPTY}</arg>
<arg>Password cannot be empty</arg>
<kw name="Go To Login Page" library="LoginPageKeywords">
<kw name="Go To" library="SeleniumLibrary">
<arg>https://opensource-demo.orangehrmlive.com/</arg>
<doc>Navigates the current browser window to the provided ``url``.</doc>
<msg timestamp="20220617 16:06:14.241" level="INFO">Opening url 'https://opensource-demo.orangehrmlive.com/'</msg>
<status status="PASS" starttime="20220617 16:06:14.240" endtime="20220617 16:06:14.915"/>
</kw>
<kw name="Title Should Be" library="SeleniumLibrary">
<arg>OrangeHRM</arg>
<doc>Verifies that the current page title equals ``title``.</doc>
<msg timestamp="20220617 16:06:14.921" level="INFO">Page title is 'OrangeHRM'.</msg>
<status status="PASS" starttime="20220617 16:06:14.915" endtime="20220617 16:06:14.921"/>
</kw>
<status status="PASS" starttime="20220617 16:06:14.240" endtime="20220617 16:06:14.922"/>
</kw>
<kw name="Enter Username" library="LoginPageKeywords">
<arg>${username}</arg>
<kw name="Input Text" library="SeleniumLibrary">
<arg>${txt_username}</arg>
<arg>${username}</arg>
<doc>Types the given ``text`` into the text field identified by ``locator``.</doc>
<msg timestamp="20220617 16:06:14.923" level="INFO">Typing text 'Adm' into text field 'id:txtUsername'.</msg>
<status status="PASS" starttime="20220617 16:06:14.923" endtime="20220617 16:06:14.997"/>
</kw>
<status status="PASS" starttime="20220617 16:06:14.922" endtime="20220617 16:06:14.997"/>
</kw>
<kw name="Enter Password" library="LoginPageKeywords">
<arg>${password}</arg>
<kw name="Input Text" library="SeleniumLibrary">
<arg>${txt_password}</arg>
<arg>${password}</arg>
<doc>Types the given ``text`` into the text field identified by ``locator``.</doc>
<msg timestamp="20220617 16:06:14.998" level="INFO">Typing text '' into text field 'id:txtPassword'.</msg>
<status status="PASS" starttime="20220617 16:06:14.998" endtime="20220617 16:06:15.067"/>
</kw>
<status status="PASS" starttime="20220617 16:06:14.997" endtime="20220617 16:06:15.067"/>
</kw>
<kw name="Click Login Button" library="LoginPageKeywords">
<kw name="Click Element" library="SeleniumLibrary">
<arg>${btn_login}</arg>
<doc>Click the element identified by ``locator``.</doc>
<msg timestamp="20220617 16:06:15.068" level="INFO">Clicking element 'id:btnLogin'.</msg>
<status status="PASS" starttime="20220617 16:06:15.067" endtime="20220617 16:06:15.110"/>
</kw>
<status status="PASS" starttime="20220617 16:06:15.067" endtime="20220617 16:06:15.110"/>
</kw>
<kw name="Verify Unsuccessful Login" library="LoginPageKeywords">
<arg>${error_message}</arg>
<kw name="Get Text" library="SeleniumLibrary">
<var>${message}</var>
<arg>${txt_errorMessage}</arg>
<doc>Returns the text value of the element identified by ``locator``.</doc>
<msg timestamp="20220617 16:06:15.130" level="INFO">${message} = Password cannot be empty</msg>
<status status="PASS" starttime="20220617 16:06:15.111" endtime="20220617 16:06:15.130"/>
</kw>
<kw name="Should Be Equal" library="BuiltIn">
<arg>${message}</arg>
<arg>${error_message}</arg>
<doc>Fails if the given objects are unequal.</doc>
<status status="PASS" starttime="20220617 16:06:15.130" endtime="20220617 16:06:15.130"/>
</kw>
<status status="PASS" starttime="20220617 16:06:15.110" endtime="20220617 16:06:15.131"/>
</kw>
<status status="PASS" starttime="20220617 16:06:14.238" endtime="20220617 16:06:15.131"/>
</kw>
<status status="PASS" starttime="20220617 16:06:14.235" endtime="20220617 16:06:15.131"/>
</test>
<test id="s1-s1-s1-s3-t6" name="HO-35: Empty username, right password" line="8">
<kw name="Invalid login">
<arg>${EMPTY}</arg>
<arg>admin123</arg>
<arg>Username cannot be empty</arg>
<kw name="Go To Login Page" library="LoginPageKeywords">
<kw name="Go To" library="SeleniumLibrary">
<arg>https://opensource-demo.orangehrmlive.com/</arg>
<doc>Navigates the current browser window to the provided ``url``.</doc>
<msg timestamp="20220617 16:06:15.135" level="INFO">Opening url 'https://opensource-demo.orangehrmlive.com/'</msg>
<status status="PASS" starttime="20220617 16:06:15.135" endtime="20220617 16:06:15.819"/>
</kw>
<kw name="Title Should Be" library="SeleniumLibrary">
<arg>OrangeHRM</arg>
<doc>Verifies that the current page title equals ``title``.</doc>
<msg timestamp="20220617 16:06:15.826" level="INFO">Page title is 'OrangeHRM'.</msg>
<status status="PASS" starttime="20220617 16:06:15.819" endtime="20220617 16:06:15.826"/>
</kw>
<status status="PASS" starttime="20220617 16:06:15.134" endtime="20220617 16:06:15.827"/>
</kw>
<kw name="Enter Username" library="LoginPageKeywords">
<arg>${username}</arg>
<kw name="Input Text" library="SeleniumLibrary">
<arg>${txt_username}</arg>
<arg>${username}</arg>
<doc>Types the given ``text`` into the text field identified by ``locator``.</doc>
<msg timestamp="20220617 16:06:15.827" level="INFO">Typing text '' into text field 'id:txtUsername'.</msg>
<status status="PASS" starttime="20220617 16:06:15.827" endtime="20220617 16:06:15.895"/>
</kw>
<status status="PASS" starttime="20220617 16:06:15.827" endtime="20220617 16:06:15.895"/>
</kw>
<kw name="Enter Password" library="LoginPageKeywords">
<arg>${password}</arg>
<kw name="Input Text" library="SeleniumLibrary">
<arg>${txt_password}</arg>
<arg>${password}</arg>
<doc>Types the given ``text`` into the text field identified by ``locator``.</doc>
<msg timestamp="20220617 16:06:15.896" level="INFO">Typing text 'admin123' into text field 'id:txtPassword'.</msg>
<status status="PASS" starttime="20220617 16:06:15.896" endtime="20220617 16:06:15.965"/>
</kw>
<status status="PASS" starttime="20220617 16:06:15.895" endtime="20220617 16:06:15.965"/>
</kw>
<kw name="Click Login Button" library="LoginPageKeywords">
<kw name="Click Element" library="SeleniumLibrary">
<arg>${btn_login}</arg>
<doc>Click the element identified by ``locator``.</doc>
<msg timestamp="20220617 16:06:15.966" level="INFO">Clicking element 'id:btnLogin'.</msg>
<status status="PASS" starttime="20220617 16:06:15.966" endtime="20220617 16:06:16.011"/>
</kw>
<status status="PASS" starttime="20220617 16:06:15.966" endtime="20220617 16:06:16.011"/>
</kw>
<kw name="Verify Unsuccessful Login" library="LoginPageKeywords">
<arg>${error_message}</arg>
<kw name="Get Text" library="SeleniumLibrary">
<var>${message}</var>
<arg>${txt_errorMessage}</arg>
<doc>Returns the text value of the element identified by ``locator``.</doc>
<msg timestamp="20220617 16:06:16.031" level="INFO">${message} = Username cannot be empty</msg>
<status status="PASS" starttime="20220617 16:06:16.012" endtime="20220617 16:06:16.031"/>
</kw>
<kw name="Should Be Equal" library="BuiltIn">
<arg>${message}</arg>
<arg>${error_message}</arg>
<doc>Fails if the given objects are unequal.</doc>
<status status="PASS" starttime="20220617 16:06:16.031" endtime="20220617 16:06:16.031"/>
</kw>
<status status="PASS" starttime="20220617 16:06:16.011" endtime="20220617 16:06:16.032"/>
</kw>
<status status="PASS" starttime="20220617 16:06:15.134" endtime="20220617 16:06:16.032"/>
</kw>
<status status="PASS" starttime="20220617 16:06:15.132" endtime="20220617 16:06:16.032"/>
</test>
<test id="s1-s1-s1-s3-t7" name="HO-36: Empty username, wrong password" line="8">
<kw name="Invalid login">
<arg>${EMPTY}</arg>
<arg>admin</arg>
<arg>Username cannot be empty</arg>
<kw name="Go To Login Page" library="LoginPageKeywords">
<kw name="Go To" library="SeleniumLibrary">
<arg>https://opensource-demo.orangehrmlive.com/</arg>
<doc>Navigates the current browser window to the provided ``url``.</doc>
<msg timestamp="20220617 16:06:16.037" level="INFO">Opening url 'https://opensource-demo.orangehrmlive.com/'</msg>
<status status="PASS" starttime="20220617 16:06:16.036" endtime="20220617 16:06:16.963"/>
</kw>
<kw name="Title Should Be" library="SeleniumLibrary">
<arg>OrangeHRM</arg>
<doc>Verifies that the current page title equals ``title``.</doc>
<msg timestamp="20220617 16:06:16.968" level="INFO">Page title is 'OrangeHRM'.</msg>
<status status="PASS" starttime="20220617 16:06:16.963" endtime="20220617 16:06:16.968"/>
</kw>
<status status="PASS" starttime="20220617 16:06:16.036" endtime="20220617 16:06:16.968"/>
</kw>
<kw name="Enter Username" library="LoginPageKeywords">
<arg>${username}</arg>
<kw name="Input Text" library="SeleniumLibrary">
<arg>${txt_username}</arg>
<arg>${username}</arg>
<doc>Types the given ``text`` into the text field identified by ``locator``.</doc>
<msg timestamp="20220617 16:06:16.969" level="INFO">Typing text '' into text field 'id:txtUsername'.</msg>
<status status="PASS" starttime="20220617 16:06:16.969" endtime="20220617 16:06:17.042"/>
</kw>
<status status="PASS" starttime="20220617 16:06:16.968" endtime="20220617 16:06:17.042"/>
</kw>
<kw name="Enter Password" library="LoginPageKeywords">
<arg>${password}</arg>
<kw name="Input Text" library="SeleniumLibrary">
<arg>${txt_password}</arg>
<arg>${password}</arg>
<doc>Types the given ``text`` into the text field identified by ``locator``.</doc>
<msg timestamp="20220617 16:06:17.043" level="INFO">Typing text 'admin' into text field 'id:txtPassword'.</msg>
<status status="PASS" starttime="20220617 16:06:17.043" endtime="20220617 16:06:17.110"/>
</kw>
<status status="PASS" starttime="20220617 16:06:17.042" endtime="20220617 16:06:17.111"/>
</kw>
<kw name="Click Login Button" library="LoginPageKeywords">
<kw name="Click Element" library="SeleniumLibrary">
<arg>${btn_login}</arg>
<doc>Click the element identified by ``locator``.</doc>
<msg timestamp="20220617 16:06:17.111" level="INFO">Clicking element 'id:btnLogin'.</msg>
<status status="PASS" starttime="20220617 16:06:17.111" endtime="20220617 16:06:17.153"/>
</kw>
<status status="PASS" starttime="20220617 16:06:17.111" endtime="20220617 16:06:17.153"/>
</kw>
<kw name="Verify Unsuccessful Login" library="LoginPageKeywords">
<arg>${error_message}</arg>
<kw name="Get Text" library="SeleniumLibrary">
<var>${message}</var>
<arg>${txt_errorMessage}</arg>
<doc>Returns the text value of the element identified by ``locator``.</doc>
<msg timestamp="20220617 16:06:17.172" level="INFO">${message} = Username cannot be empty</msg>
<status status="PASS" starttime="20220617 16:06:17.154" endtime="20220617 16:06:17.172"/>
</kw>
<kw name="Should Be Equal" library="BuiltIn">
<arg>${message}</arg>
<arg>${error_message}</arg>
<doc>Fails if the given objects are unequal.</doc>
<status status="PASS" starttime="20220617 16:06:17.172" endtime="20220617 16:06:17.173"/>
</kw>
<status status="PASS" starttime="20220617 16:06:17.153" endtime="20220617 16:06:17.173"/>
</kw>
<status status="PASS" starttime="20220617 16:06:16.035" endtime="20220617 16:06:17.173"/>
</kw>
<status status="PASS" starttime="20220617 16:06:16.034" endtime="20220617 16:06:17.174"/>
</test>
<test id="s1-s1-s1-s3-t8" name="HO-37: Empty username, empty password" line="8">
<kw name="Invalid login">
<arg>${EMPTY}</arg>
<arg>${EMPTY}</arg>
<arg>Username cannot be empty</arg>
<kw name="Go To Login Page" library="LoginPageKeywords">
<kw name="Go To" library="SeleniumLibrary">
<arg>https://opensource-demo.orangehrmlive.com/</arg>
<doc>Navigates the current browser window to the provided ``url``.</doc>
<msg timestamp="20220617 16:06:17.179" level="INFO">Opening url 'https://opensource-demo.orangehrmlive.com/'</msg>
<status status="PASS" starttime="20220617 16:06:17.179" endtime="20220617 16:06:17.863"/>
</kw>
<kw name="Title Should Be" library="SeleniumLibrary">
<arg>OrangeHRM</arg>
<doc>Verifies that the current page title equals ``title``.</doc>
<msg timestamp="20220617 16:06:17.869" level="INFO">Page title is 'OrangeHRM'.</msg>
<status status="PASS" starttime="20220617 16:06:17.864" endtime="20220617 16:06:17.869"/>
</kw>
<status status="PASS" starttime="20220617 16:06:17.179" endtime="20220617 16:06:17.869"/>
</kw>
<kw name="Enter Username" library="LoginPageKeywords">
<arg>${username}</arg>
<kw name="Input Text" library="SeleniumLibrary">
<arg>${txt_username}</arg>
<arg>${username}</arg>
<doc>Types the given ``text`` into the text field identified by ``locator``.</doc>
<msg timestamp="20220617 16:06:17.871" level="INFO">Typing text '' into text field 'id:txtUsername'.</msg>
<status status="PASS" starttime="20220617 16:06:17.870" endtime="20220617 16:06:17.939"/>
</kw>
<status status="PASS" starttime="20220617 16:06:17.869" endtime="20220617 16:06:17.939"/>
</kw>
<kw name="Enter Password" library="LoginPageKeywords">
<arg>${password}</arg>
<kw name="Input Text" library="SeleniumLibrary">
<arg>${txt_password}</arg>
<arg>${password}</arg>
<doc>Types the given ``text`` into the text field identified by ``locator``.</doc>
<msg timestamp="20220617 16:06:17.940" level="INFO">Typing text '' into text field 'id:txtPassword'.</msg>
<status status="PASS" starttime="20220617 16:06:17.940" endtime="20220617 16:06:18.005"/>
</kw>
<status status="PASS" starttime="20220617 16:06:17.939" endtime="20220617 16:06:18.005"/>
</kw>
<kw name="Click Login Button" library="LoginPageKeywords">
<kw name="Click Element" library="SeleniumLibrary">
<arg>${btn_login}</arg>
<doc>Click the element identified by ``locator``.</doc>
<msg timestamp="20220617 16:06:18.005" level="INFO">Clicking element 'id:btnLogin'.</msg>
<status status="PASS" starttime="20220617 16:06:18.005" endtime="20220617 16:06:18.056"/>
</kw>
<status status="PASS" starttime="20220617 16:06:18.005" endtime="20220617 16:06:18.056"/>
</kw>
<kw name="Verify Unsuccessful Login" library="LoginPageKeywords">
<arg>${error_message}</arg>
<kw name="Get Text" library="SeleniumLibrary">
<var>${message}</var>
<arg>${txt_errorMessage}</arg>
<doc>Returns the text value of the element identified by ``locator``.</doc>
<msg timestamp="20220617 16:06:18.075" level="INFO">${message} = Username cannot be empty</msg>
<status status="PASS" starttime="20220617 16:06:18.057" endtime="20220617 16:06:18.076"/>
</kw>
<kw name="Should Be Equal" library="BuiltIn">
<arg>${message}</arg>
<arg>${error_message}</arg>
<doc>Fails if the given objects are unequal.</doc>
<status status="PASS" starttime="20220617 16:06:18.076" endtime="20220617 16:06:18.076"/>
</kw>
<status status="PASS" starttime="20220617 16:06:18.056" endtime="20220617 16:06:18.076"/>
</kw>
<status status="PASS" starttime="20220617 16:06:17.178" endtime="20220617 16:06:18.076"/>
</kw>
<status status="PASS" starttime="20220617 16:06:17.176" endtime="20220617 16:06:18.077"/>
</test>
<status status="FAIL" starttime="20220617 16:06:05.939" endtime="20220617 16:06:18.078"/>
</suite>
<suite id="s1-s1-s1-s4" name="ValidLogin" source="D:\Nam\OrangeHRM\TestCases\Login\4__ValidLogin.robot">
<test id="s1-s1-s1-s4-t1" name="HO-22: Verify that login functionality works correctly with the valid account" line="7">
<kw name="Go To Login Page" library="LoginPageKeywords">
<kw name="Go To" library="SeleniumLibrary">
<arg>https://opensource-demo.orangehrmlive.com/</arg>
<doc>Navigates the current browser window to the provided ``url``.</doc>
<msg timestamp="20220617 16:06:18.096" level="INFO">Opening url 'https://opensource-demo.orangehrmlive.com/'</msg>
<status status="PASS" starttime="20220617 16:06:18.096" endtime="20220617 16:06:18.785"/>
</kw>
<kw name="Title Should Be" library="SeleniumLibrary">
<arg>OrangeHRM</arg>
<doc>Verifies that the current page title equals ``title``.</doc>
<msg timestamp="20220617 16:06:18.790" level="INFO">Page title is 'OrangeHRM'.</msg>
<status status="PASS" starttime="20220617 16:06:18.786" endtime="20220617 16:06:18.791"/>
</kw>
<status status="PASS" starttime="20220617 16:06:18.096" endtime="20220617 16:06:18.791"/>
</kw>
<kw name="Enter Username" library="LoginPageKeywords">
<arg>${username}</arg>
<kw name="Input Text" library="SeleniumLibrary">
<arg>${txt_username}</arg>
<arg>${username}</arg>
<doc>Types the given ``text`` into the text field identified by ``locator``.</doc>
<msg timestamp="20220617 16:06:18.792" level="INFO">Typing text 'Admin' into text field 'id:txtUsername'.</msg>
<status status="PASS" starttime="20220617 16:06:18.792" endtime="20220617 16:06:18.862"/>
</kw>
<status status="PASS" starttime="20220617 16:06:18.792" endtime="20220617 16:06:18.863"/>
</kw>
<kw name="Enter Password" library="LoginPageKeywords">
<arg>${password}</arg>
<kw name="Input Text" library="SeleniumLibrary">
<arg>${txt_password}</arg>
<arg>${password}</arg>
<doc>Types the given ``text`` into the text field identified by ``locator``.</doc>
<msg timestamp="20220617 16:06:18.863" level="INFO">Typing text 'admin123' into text field 'id:txtPassword'.</msg>
<status status="PASS" starttime="20220617 16:06:18.863" endtime="20220617 16:06:18.934"/>
</kw>
<status status="PASS" starttime="20220617 16:06:18.863" endtime="20220617 16:06:18.934"/>
</kw>
<kw name="Click Login Button" library="LoginPageKeywords">
<kw name="Click Element" library="SeleniumLibrary">
<arg>${btn_login}</arg>
<doc>Click the element identified by ``locator``.</doc>
<msg timestamp="20220617 16:06:18.935" level="INFO">Clicking element 'id:btnLogin'.</msg>
<status status="PASS" starttime="20220617 16:06:18.935" endtime="20220617 16:06:24.220"/>
</kw>
<status status="PASS" starttime="20220617 16:06:18.935" endtime="20220617 16:06:24.220"/>
</kw>
<kw name="Verify Successful Login" library="LoginPageKeywords">
<kw name="Location Should Be" library="SeleniumLibrary">
<arg>https://opensource-demo.orangehrmlive.com/index.php/dashboard</arg>
<doc>Verifies that the current URL is exactly ``url``.</doc>
<msg timestamp="20220617 16:06:24.228" level="INFO">Current location is 'https://opensource-demo.orangehrmlive.com/index.php/dashboard'.</msg>
<status status="PASS" starttime="20220617 16:06:24.222" endtime="20220617 16:06:24.229"/>
</kw>
<kw name="Page Should Contain" library="SeleniumLibrary">
<arg>Welcome</arg>
<doc>Verifies that current page contains ``text``.</doc>
<msg timestamp="20220617 16:06:24.244" level="INFO">Current page contains text 'Welcome'.</msg>
<status status="PASS" starttime="20220617 16:06:24.229" endtime="20220617 16:06:24.244"/>
</kw>
<status status="PASS" starttime="20220617 16:06:24.221" endtime="20220617 16:06:24.244"/>
</kw>
<status status="PASS" starttime="20220617 16:06:18.095" endtime="20220617 16:06:24.245"/>
</test>
<status status="PASS" starttime="20220617 16:06:18.081" endtime="20220617 16:06:24.246"/>
</suite>
<kw name="Close My Browser" library="CommonKeywords" type="TEARDOWN">
<kw name="Close All Browsers" library="SeleniumLibrary">
<doc>Closes all open browsers and resets the browser cache.</doc>
<status status="PASS" starttime="20220617 16:06:24.249" endtime="20220617 16:06:26.679"/>
</kw>
<status status="PASS" starttime="20220617 16:06:24.249" endtime="20220617 16:06:26.679"/>
</kw>
<status status="FAIL" starttime="20220617 16:04:41.258" endtime="20220617 16:06:26.679"/>
</suite>
<status status="FAIL" starttime="20220617 16:04:41.254" endtime="20220617 16:06:26.682"/>
</suite>
<status status="FAIL" starttime="20220617 16:04:41.228" endtime="20220617 16:06:26.684"/>
</suite>
<statistics>
<total>
<stat pass="7" fail="4" skip="0">All Tests</stat>
</total>
<tag>
</tag>
<suite>
<stat pass="7" fail="4" skip="0" id="s1" name="OrangeHRM">OrangeHRM</stat>
<stat pass="7" fail="4" skip="0" id="s1-s1" name="TestCases">OrangeHRM.TestCases</stat>
<stat pass="7" fail="4" skip="0" id="s1-s1-s1" name="Login">OrangeHRM.TestCases.Login</stat>
<stat pass="0" fail="1" skip="0" id="s1-s1-s1-s1" name="VerifyItems">OrangeHRM.TestCases.Login.VerifyItems</stat>
<stat pass="1" fail="0" skip="0" id="s1-s1-s1-s2" name="VerifyLinks">OrangeHRM.TestCases.Login.VerifyLinks</stat>
<stat pass="5" fail="3" skip="0" id="s1-s1-s1-s3" name="InvalidLogin">OrangeHRM.TestCases.Login.InvalidLogin</stat>
<stat pass="1" fail="0" skip="0" id="s1-s1-s1-s4" name="ValidLogin">OrangeHRM.TestCases.Login.ValidLogin</stat>
</suite>
</statistics>
<errors>
</errors>
</robot>
